Mar 09, 2024 8:23:56 AM edu.wpi.first.shuffleboard.app.Shuffleboard init
INFO: Build time: 2024-01-21T07:34:22.956825Z
Mar 09, 2024 8:23:56 AM edu.wpi.first.shuffleboard.app.plugin.PluginLoader load
INFO: Loading plugin edu.wpi.first.shuffleboard:Base:1.3.6
Mar 09, 2024 8:23:56 AM edu.wpi.first.shuffleboard.app.plugin.PluginLoader load
INFO: Loaded plugin edu.wpi.first.shuffleboard:Base in 59ms
Mar 09, 2024 8:23:56 AM edu.wpi.first.shuffleboard.app.plugin.PluginLoader load
INFO: Loading plugin edu.wpi.first.shuffleboard:NetworkTables:2.3.2
Mar 09, 2024 8:23:56 AM edu.wpi.first.shuffleboard.app.plugin.PluginLoader load
INFO: Loaded plugin edu.wpi.first.shuffleboard:NetworkTables in 11ms
Mar 09, 2024 8:23:56 AM edu.wpi.first.shuffleboard.app.plugin.PluginLoader load
INFO: Loading plugin edu.wpi.first.shuffleboard:CameraServer:3.1.1
Mar 09, 2024 8:24:00 AM edu.wpi.first.shuffleboard.app.plugin.PluginLoader load
INFO: Loaded plugin edu.wpi.first.shuffleboard:CameraServer in 3553ms
Mar 09, 2024 8:24:00 AM edu.wpi.first.shuffleboard.app.MainWindowController initialize
INFO: Setting up plugins in the UI
Mar 09, 2024 8:24:00 AM edu.wpi.first.shuffleboard.app.Shuffleboard init
INFO: Took 412ms to load the main FXML
Mar 09, 2024 8:24:04 AM edu.wpi.first.shuffleboard.app.Shuffleboard start
WARNING: Took 7712ms to start Shuffleboard
Mar 09, 2024 8:24:04 AM edu.wpi.first.shuffleboard.app.json.WidgetSaver deserialize
WARNING: Saved source type is not present, adding destroyed source(s) instead
Mar 09, 2024 8:24:04 AM edu.wpi.first.shuffleboard.app.json.WidgetSaver deserialize
WARNING: Saved source type is not present, adding destroyed source(s) instead
Mar 09, 2024 8:24:40 AM edu.wpi.first.shuffleboard.plugin.cameraserver.source.CameraServerSource lambda$new$5
WARNING: Could not get bandwidth
VideoException [edu.wpi.first.cscore.VideoException: empty value]
	at edu.wpi.first.cscore.CameraServerJNI.getTelemetryAverageValue(Native Method)
	at edu.wpi.first.cscore.CameraServerJNI.getTelemetryAverageValue(CameraServerJNI.java:960)
	at edu.wpi.first.cscore.VideoSource.getActualDataRate(VideoSource.java:367)
	at edu.wpi.first.shuffleboard.plugin.cameraserver.source.CameraServerSource.lambda$new$5(CameraServerSource.java:139)

Mar 09, 2024 8:24:40 AM edu.wpi.first.shuffleboard.plugin.cameraserver.source.CameraServerSource lambda$new$5
WARNING: Could not get framerate
VideoException [edu.wpi.first.cscore.VideoException: empty value]
	at edu.wpi.first.cscore.CameraServerJNI.getTelemetryAverageValue(Native Method)
	at edu.wpi.first.cscore.CameraServerJNI.getTelemetryAverageValue(CameraServerJNI.java:960)
	at edu.wpi.first.cscore.VideoSource.getActualFPS(VideoSource.java:354)
	at edu.wpi.first.shuffleboard.plugin.cameraserver.source.CameraServerSource.lambda$new$5(CameraServerSource.java:145)

Mar 09, 2024 8:24:40 AM edu.wpi.first.shuffleboard.plugin.cameraserver.source.CameraServerSource lambda$new$5
WARNING: Could not get bandwidth
VideoException [edu.wpi.first.cscore.VideoException: empty value]
	at edu.wpi.first.cscore.CameraServerJNI.getTelemetryAverageValue(Native Method)
	at edu.wpi.first.cscore.CameraServerJNI.getTelemetryAverageValue(CameraServerJNI.java:960)
	at edu.wpi.first.cscore.VideoSource.getActualDataRate(VideoSource.java:367)
	at edu.wpi.first.shuffleboard.plugin.cameraserver.source.CameraServerSource.lambda$new$5(CameraServerSource.java:139)

Mar 09, 2024 8:24:40 AM edu.wpi.first.shuffleboard.plugin.cameraserver.source.CameraServerSource lambda$new$5
WARNING: Could not get framerate
VideoException [edu.wpi.first.cscore.VideoException: empty value]
	at edu.wpi.first.cscore.CameraServerJNI.getTelemetryAverageValue(Native Method)
	at edu.wpi.first.cscore.CameraServerJNI.getTelemetryAverageValue(CameraServerJNI.java:960)
	at edu.wpi.first.cscore.VideoSource.getActualFPS(VideoSource.java:354)
	at edu.wpi.first.shuffleboard.plugin.cameraserver.source.CameraServerSource.lambda$new$5(CameraServerSource.java:145)

Mar 09, 2024 8:24:56 AM edu.wpi.first.shuffleboard.plugin.cameraserver.source.CameraServerSource lambda$new$5
WARNING: Could not get bandwidth
VideoException [edu.wpi.first.cscore.VideoException: empty value]
	at edu.wpi.first.cscore.CameraServerJNI.getTelemetryAverageValue(Native Method)
	at edu.wpi.first.cscore.CameraServerJNI.getTelemetryAverageValue(CameraServerJNI.java:960)
	at edu.wpi.first.cscore.VideoSource.getActualDataRate(VideoSource.java:367)
	at edu.wpi.first.shuffleboard.plugin.cameraserver.source.CameraServerSource.lambda$new$5(CameraServerSource.java:139)

Mar 09, 2024 8:24:56 AM edu.wpi.first.shuffleboard.plugin.cameraserver.source.CameraServerSource lambda$new$5
WARNING: Could not get framerate
VideoException [edu.wpi.first.cscore.VideoException: empty value]
	at edu.wpi.first.cscore.CameraServerJNI.getTelemetryAverageValue(Native Method)
	at edu.wpi.first.cscore.CameraServerJNI.getTelemetryAverageValue(CameraServerJNI.java:960)
	at edu.wpi.first.cscore.VideoSource.getActualFPS(VideoSource.java:354)
	at edu.wpi.first.shuffleboard.plugin.cameraserver.source.CameraServerSource.lambda$new$5(CameraServerSource.java:145)

Mar 09, 2024 9:01:47 AM edu.wpi.first.shuffleboard.plugin.cameraserver.source.CameraServerSource lambda$new$5
WARNING: Could not get bandwidth
VideoException [edu.wpi.first.cscore.VideoException: empty value]
	at edu.wpi.first.cscore.CameraServerJNI.getTelemetryAverageValue(Native Method)
	at edu.wpi.first.cscore.CameraServerJNI.getTelemetryAverageValue(CameraServerJNI.java:960)
	at edu.wpi.first.cscore.VideoSource.getActualDataRate(VideoSource.java:367)
	at edu.wpi.first.shuffleboard.plugin.cameraserver.source.CameraServerSource.lambda$new$5(CameraServerSource.java:139)

Mar 09, 2024 9:01:47 AM edu.wpi.first.shuffleboard.plugin.cameraserver.source.CameraServerSource lambda$new$5
WARNING: Could not get framerate
VideoException [edu.wpi.first.cscore.VideoException: empty value]
	at edu.wpi.first.cscore.CameraServerJNI.getTelemetryAverageValue(Native Method)
	at edu.wpi.first.cscore.CameraServerJNI.getTelemetryAverageValue(CameraServerJNI.java:960)
	at edu.wpi.first.cscore.VideoSource.getActualFPS(VideoSource.java:354)
	at edu.wpi.first.shuffleboard.plugin.cameraserver.source.CameraServerSource.lambda$new$5(CameraServerSource.java:145)

Mar 09, 2024 9:01:47 AM edu.wpi.first.shuffleboard.plugin.cameraserver.source.CameraServerSource lambda$new$5
WARNING: Could not get bandwidth
VideoException [edu.wpi.first.cscore.VideoException: empty value]
	at edu.wpi.first.cscore.CameraServerJNI.getTelemetryAverageValue(Native Method)
	at edu.wpi.first.cscore.CameraServerJNI.getTelemetryAverageValue(CameraServerJNI.java:960)
	at edu.wpi.first.cscore.VideoSource.getActualDataRate(VideoSource.java:367)
	at edu.wpi.first.shuffleboard.plugin.cameraserver.source.CameraServerSource.lambda$new$5(CameraServerSource.java:139)

Mar 09, 2024 9:01:47 AM edu.wpi.first.shuffleboard.plugin.cameraserver.source.CameraServerSource lambda$new$5
WARNING: Could not get framerate
VideoException [edu.wpi.first.cscore.VideoException: empty value]
	at edu.wpi.first.cscore.CameraServerJNI.getTelemetryAverageValue(Native Method)
	at edu.wpi.first.cscore.CameraServerJNI.getTelemetryAverageValue(CameraServerJNI.java:960)
	at edu.wpi.first.cscore.VideoSource.getActualFPS(VideoSource.java:354)
	at edu.wpi.first.shuffleboard.plugin.cameraserver.source.CameraServerSource.lambda$new$5(CameraServerSource.java:145)

Mar 09, 2024 9:30:23 AM edu.wpi.first.shuffleboard.plugin.cameraserver.source.CameraServerSource lambda$new$5
WARNING: Could not get bandwidth
VideoException [edu.wpi.first.cscore.VideoException: empty value]
	at edu.wpi.first.cscore.CameraServerJNI.getTelemetryAverageValue(Native Method)
	at edu.wpi.first.cscore.CameraServerJNI.getTelemetryAverageValue(CameraServerJNI.java:960)
	at edu.wpi.first.cscore.VideoSource.getActualDataRate(VideoSource.java:367)
	at edu.wpi.first.shuffleboard.plugin.cameraserver.source.CameraServerSource.lambda$new$5(CameraServerSource.java:139)

Mar 09, 2024 9:30:23 AM edu.wpi.first.shuffleboard.plugin.cameraserver.source.CameraServerSource lambda$new$5
WARNING: Could not get framerate
VideoException [edu.wpi.first.cscore.VideoException: empty value]
	at edu.wpi.first.cscore.CameraServerJNI.getTelemetryAverageValue(Native Method)
	at edu.wpi.first.cscore.CameraServerJNI.getTelemetryAverageValue(CameraServerJNI.java:960)
	at edu.wpi.first.cscore.VideoSource.getActualFPS(VideoSource.java:354)
	at edu.wpi.first.shuffleboard.plugin.cameraserver.source.CameraServerSource.lambda$new$5(CameraServerSource.java:145)

Mar 09, 2024 10:16:35 AM edu.wpi.first.shuffleboard.plugin.cameraserver.source.CameraServerSource lambda$new$5
WARNING: Could not get bandwidth
VideoException [edu.wpi.first.cscore.VideoException: empty value]
	at edu.wpi.first.cscore.CameraServerJNI.getTelemetryAverageValue(Native Method)
	at edu.wpi.first.cscore.CameraServerJNI.getTelemetryAverageValue(CameraServerJNI.java:960)
	at edu.wpi.first.cscore.VideoSource.getActualDataRate(VideoSource.java:367)
	at edu.wpi.first.shuffleboard.plugin.cameraserver.source.CameraServerSource.lambda$new$5(CameraServerSource.java:139)

Mar 09, 2024 10:16:35 AM edu.wpi.first.shuffleboard.plugin.cameraserver.source.CameraServerSource lambda$new$5
WARNING: Could not get framerate
VideoException [edu.wpi.first.cscore.VideoException: empty value]
	at edu.wpi.first.cscore.CameraServerJNI.getTelemetryAverageValue(Native Method)
	at edu.wpi.first.cscore.CameraServerJNI.getTelemetryAverageValue(CameraServerJNI.java:960)
	at edu.wpi.first.cscore.VideoSource.getActualFPS(VideoSource.java:354)
	at edu.wpi.first.shuffleboard.plugin.cameraserver.source.CameraServerSource.lambda$new$5(CameraServerSource.java:145)

Mar 09, 2024 10:16:35 AM edu.wpi.first.shuffleboard.plugin.cameraserver.source.CameraServerSource lambda$new$5
WARNING: Could not get bandwidth
VideoException [edu.wpi.first.cscore.VideoException: empty value]
	at edu.wpi.first.cscore.CameraServerJNI.getTelemetryAverageValue(Native Method)
	at edu.wpi.first.cscore.CameraServerJNI.getTelemetryAverageValue(CameraServerJNI.java:960)
	at edu.wpi.first.cscore.VideoSource.getActualDataRate(VideoSource.java:367)
	at edu.wpi.first.shuffleboard.plugin.cameraserver.source.CameraServerSource.lambda$new$5(CameraServerSource.java:139)

Mar 09, 2024 10:16:35 AM edu.wpi.first.shuffleboard.plugin.cameraserver.source.CameraServerSource lambda$new$5
WARNING: Could not get framerate
VideoException [edu.wpi.first.cscore.VideoException: empty value]
	at edu.wpi.first.cscore.CameraServerJNI.getTelemetryAverageValue(Native Method)
	at edu.wpi.first.cscore.CameraServerJNI.getTelemetryAverageValue(CameraServerJNI.java:960)
	at edu.wpi.first.cscore.VideoSource.getActualFPS(VideoSource.java:354)
	at edu.wpi.first.shuffleboard.plugin.cameraserver.source.CameraServerSource.lambda$new$5(CameraServerSource.java:145)

Mar 09, 2024 10:31:45 AM edu.wpi.first.shuffleboard.plugin.cameraserver.source.CameraServerSource lambda$new$5
WARNING: Could not get bandwidth
VideoException [edu.wpi.first.cscore.VideoException: empty value]
	at edu.wpi.first.cscore.CameraServerJNI.getTelemetryAverageValue(Native Method)
	at edu.wpi.first.cscore.CameraServerJNI.getTelemetryAverageValue(CameraServerJNI.java:960)
	at edu.wpi.first.cscore.VideoSource.getActualDataRate(VideoSource.java:367)
	at edu.wpi.first.shuffleboard.plugin.cameraserver.source.CameraServerSource.lambda$new$5(CameraServerSource.java:139)

Mar 09, 2024 10:31:45 AM edu.wpi.first.shuffleboard.plugin.cameraserver.source.CameraServerSource lambda$new$5
WARNING: Could not get framerate
VideoException [edu.wpi.first.cscore.VideoException: empty value]
	at edu.wpi.first.cscore.CameraServerJNI.getTelemetryAverageValue(Native Method)
	at edu.wpi.first.cscore.CameraServerJNI.getTelemetryAverageValue(CameraServerJNI.java:960)
	at edu.wpi.first.cscore.VideoSource.getActualFPS(VideoSource.java:354)
	at edu.wpi.first.shuffleboard.plugin.cameraserver.source.CameraServerSource.lambda$new$5(CameraServerSource.java:145)

Mar 09, 2024 10:31:56 AM edu.wpi.first.shuffleboard.plugin.cameraserver.source.CameraServerSource lambda$new$5
WARNING: Could not get bandwidth
VideoException [edu.wpi.first.cscore.VideoException: empty value]
	at edu.wpi.first.cscore.CameraServerJNI.getTelemetryAverageValue(Native Method)
	at edu.wpi.first.cscore.CameraServerJNI.getTelemetryAverageValue(CameraServerJNI.java:960)
	at edu.wpi.first.cscore.VideoSource.getActualDataRate(VideoSource.java:367)
	at edu.wpi.first.shuffleboard.plugin.cameraserver.source.CameraServerSource.lambda$new$5(CameraServerSource.java:139)

Mar 09, 2024 10:31:56 AM edu.wpi.first.shuffleboard.plugin.cameraserver.source.CameraServerSource lambda$new$5
WARNING: Could not get framerate
VideoException [edu.wpi.first.cscore.VideoException: empty value]
	at edu.wpi.first.cscore.CameraServerJNI.getTelemetryAverageValue(Native Method)
	at edu.wpi.first.cscore.CameraServerJNI.getTelemetryAverageValue(CameraServerJNI.java:960)
	at edu.wpi.first.cscore.VideoSource.getActualFPS(VideoSource.java:354)
	at edu.wpi.first.shuffleboard.plugin.cameraserver.source.CameraServerSource.lambda$new$5(CameraServerSource.java:145)

Mar 09, 2024 11:11:19 AM edu.wpi.first.shuffleboard.plugin.cameraserver.source.CameraServerSource lambda$new$5
WARNING: Could not get bandwidth
VideoException [edu.wpi.first.cscore.VideoException: empty value]
	at edu.wpi.first.cscore.CameraServerJNI.getTelemetryAverageValue(Native Method)
	at edu.wpi.first.cscore.CameraServerJNI.getTelemetryAverageValue(CameraServerJNI.java:960)
	at edu.wpi.first.cscore.VideoSource.getActualDataRate(VideoSource.java:367)
	at edu.wpi.first.shuffleboard.plugin.cameraserver.source.CameraServerSource.lambda$new$5(CameraServerSource.java:139)

Mar 09, 2024 11:11:19 AM edu.wpi.first.shuffleboard.plugin.cameraserver.source.CameraServerSource lambda$new$5
WARNING: Could not get framerate
VideoException [edu.wpi.first.cscore.VideoException: empty value]
	at edu.wpi.first.cscore.CameraServerJNI.getTelemetryAverageValue(Native Method)
	at edu.wpi.first.cscore.CameraServerJNI.getTelemetryAverageValue(CameraServerJNI.java:960)
	at edu.wpi.first.cscore.VideoSource.getActualFPS(VideoSource.java:354)
	at edu.wpi.first.shuffleboard.plugin.cameraserver.source.CameraServerSource.lambda$new$5(CameraServerSource.java:145)

Mar 09, 2024 11:11:19 AM edu.wpi.first.shuffleboard.plugin.cameraserver.source.CameraServerSource lambda$new$5
WARNING: Could not get bandwidth
VideoException [edu.wpi.first.cscore.VideoException: empty value]
	at edu.wpi.first.cscore.CameraServerJNI.getTelemetryAverageValue(Native Method)
	at edu.wpi.first.cscore.CameraServerJNI.getTelemetryAverageValue(CameraServerJNI.java:960)
	at edu.wpi.first.cscore.VideoSource.getActualDataRate(VideoSource.java:367)
	at edu.wpi.first.shuffleboard.plugin.cameraserver.source.CameraServerSource.lambda$new$5(CameraServerSource.java:139)

Mar 09, 2024 11:11:19 AM edu.wpi.first.shuffleboard.plugin.cameraserver.source.CameraServerSource lambda$new$5
WARNING: Could not get framerate
VideoException [edu.wpi.first.cscore.VideoException: empty value]
	at edu.wpi.first.cscore.CameraServerJNI.getTelemetryAverageValue(Native Method)
	at edu.wpi.first.cscore.CameraServerJNI.getTelemetryAverageValue(CameraServerJNI.java:960)
	at edu.wpi.first.cscore.VideoSource.getActualFPS(VideoSource.java:354)
	at edu.wpi.first.shuffleboard.plugin.cameraserver.source.CameraServerSource.lambda$new$5(CameraServerSource.java:145)

Mar 09, 2024 11:11:20 AM edu.wpi.first.shuffleboard.plugin.cameraserver.source.CameraServerSource lambda$new$5
WARNING: Could not get bandwidth
VideoException [edu.wpi.first.cscore.VideoException: empty value]
	at edu.wpi.first.cscore.CameraServerJNI.getTelemetryAverageValue(Native Method)
	at edu.wpi.first.cscore.CameraServerJNI.getTelemetryAverageValue(CameraServerJNI.java:960)
	at edu.wpi.first.cscore.VideoSource.getActualDataRate(VideoSource.java:367)
	at edu.wpi.first.shuffleboard.plugin.cameraserver.source.CameraServerSource.lambda$new$5(CameraServerSource.java:139)

Mar 09, 2024 11:11:20 AM edu.wpi.first.shuffleboard.plugin.cameraserver.source.CameraServerSource lambda$new$5
WARNING: Could not get framerate
VideoException [edu.wpi.first.cscore.VideoException: empty value]
	at edu.wpi.first.cscore.CameraServerJNI.getTelemetryAverageValue(Native Method)
	at edu.wpi.first.cscore.CameraServerJNI.getTelemetryAverageValue(CameraServerJNI.java:960)
	at edu.wpi.first.cscore.VideoSource.getActualFPS(VideoSource.java:354)
	at edu.wpi.first.shuffleboard.plugin.cameraserver.source.CameraServerSource.lambda$new$5(CameraServerSource.java:145)

Mar 09, 2024 11:11:20 AM edu.wpi.first.shuffleboard.plugin.cameraserver.source.CameraServerSource lambda$new$5
WARNING: Could not get bandwidth
VideoException [edu.wpi.first.cscore.VideoException: empty value]
	at edu.wpi.first.cscore.CameraServerJNI.getTelemetryAverageValue(Native Method)
	at edu.wpi.first.cscore.CameraServerJNI.getTelemetryAverageValue(CameraServerJNI.java:960)
	at edu.wpi.first.cscore.VideoSource.getActualDataRate(VideoSource.java:367)
	at edu.wpi.first.shuffleboard.plugin.cameraserver.source.CameraServerSource.lambda$new$5(CameraServerSource.java:139)

Mar 09, 2024 11:11:20 AM edu.wpi.first.shuffleboard.plugin.cameraserver.source.CameraServerSource lambda$new$5
WARNING: Could not get framerate
VideoException [edu.wpi.first.cscore.VideoException: empty value]
	at edu.wpi.first.cscore.CameraServerJNI.getTelemetryAverageValue(Native Method)
	at edu.wpi.first.cscore.CameraServerJNI.getTelemetryAverageValue(CameraServerJNI.java:960)
	at edu.wpi.first.cscore.VideoSource.getActualFPS(VideoSource.java:354)
	at edu.wpi.first.shuffleboard.plugin.cameraserver.source.CameraServerSource.lambda$new$5(CameraServerSource.java:145)

Mar 09, 2024 11:11:21 AM edu.wpi.first.shuffleboard.plugin.cameraserver.source.CameraServerSource lambda$new$5
WARNING: Could not get bandwidth
VideoException [edu.wpi.first.cscore.VideoException: empty value]
	at edu.wpi.first.cscore.CameraServerJNI.getTelemetryAverageValue(Native Method)
	at edu.wpi.first.cscore.CameraServerJNI.getTelemetryAverageValue(CameraServerJNI.java:960)
	at edu.wpi.first.cscore.VideoSource.getActualDataRate(VideoSource.java:367)
	at edu.wpi.first.shuffleboard.plugin.cameraserver.source.CameraServerSource.lambda$new$5(CameraServerSource.java:139)

Mar 09, 2024 11:11:21 AM edu.wpi.first.shuffleboard.plugin.cameraserver.source.CameraServerSource lambda$new$5
WARNING: Could not get framerate
VideoException [edu.wpi.first.cscore.VideoException: empty value]
	at edu.wpi.first.cscore.CameraServerJNI.getTelemetryAverageValue(Native Method)
	at edu.wpi.first.cscore.CameraServerJNI.getTelemetryAverageValue(CameraServerJNI.java:960)
	at edu.wpi.first.cscore.VideoSource.getActualFPS(VideoSource.java:354)
	at edu.wpi.first.shuffleboard.plugin.cameraserver.source.CameraServerSource.lambda$new$5(CameraServerSource.java:145)

Mar 09, 2024 11:11:21 AM edu.wpi.first.shuffleboard.plugin.cameraserver.source.CameraServerSource lambda$new$5
WARNING: Could not get bandwidth
VideoException [edu.wpi.first.cscore.VideoException: empty value]
	at edu.wpi.first.cscore.CameraServerJNI.getTelemetryAverageValue(Native Method)
	at edu.wpi.first.cscore.CameraServerJNI.getTelemetryAverageValue(CameraServerJNI.java:960)
	at edu.wpi.first.cscore.VideoSource.getActualDataRate(VideoSource.java:367)
	at edu.wpi.first.shuffleboard.plugin.cameraserver.source.CameraServerSource.lambda$new$5(CameraServerSource.java:139)

Mar 09, 2024 11:11:21 AM edu.wpi.first.shuffleboard.plugin.cameraserver.source.CameraServerSource lambda$new$5
WARNING: Could not get framerate
VideoException [edu.wpi.first.cscore.VideoException: empty value]
	at edu.wpi.first.cscore.CameraServerJNI.getTelemetryAverageValue(Native Method)
	at edu.wpi.first.cscore.CameraServerJNI.getTelemetryAverageValue(CameraServerJNI.java:960)
	at edu.wpi.first.cscore.VideoSource.getActualFPS(VideoSource.java:354)
	at edu.wpi.first.shuffleboard.plugin.cameraserver.source.CameraServerSource.lambda$new$5(CameraServerSource.java:145)

Mar 09, 2024 11:11:22 AM edu.wpi.first.shuffleboard.plugin.cameraserver.source.CameraServerSource lambda$new$5
WARNING: Could not get bandwidth
VideoException [edu.wpi.first.cscore.VideoException: empty value]
	at edu.wpi.first.cscore.CameraServerJNI.getTelemetryAverageValue(Native Method)
	at edu.wpi.first.cscore.CameraServerJNI.getTelemetryAverageValue(CameraServerJNI.java:960)
	at edu.wpi.first.cscore.VideoSource.getActualDataRate(VideoSource.java:367)
	at edu.wpi.first.shuffleboard.plugin.cameraserver.source.CameraServerSource.lambda$new$5(CameraServerSource.java:139)

Mar 09, 2024 11:11:22 AM edu.wpi.first.shuffleboard.plugin.cameraserver.source.CameraServerSource lambda$new$5
WARNING: Could not get framerate
VideoException [edu.wpi.first.cscore.VideoException: empty value]
	at edu.wpi.first.cscore.CameraServerJNI.getTelemetryAverageValue(Native Method)
	at edu.wpi.first.cscore.CameraServerJNI.getTelemetryAverageValue(CameraServerJNI.java:960)
	at edu.wpi.first.cscore.VideoSource.getActualFPS(VideoSource.java:354)
	at edu.wpi.first.shuffleboard.plugin.cameraserver.source.CameraServerSource.lambda$new$5(CameraServerSource.java:145)

Mar 09, 2024 11:11:22 AM edu.wpi.first.shuffleboard.plugin.cameraserver.source.CameraServerSource lambda$new$5
WARNING: Could not get bandwidth
VideoException [edu.wpi.first.cscore.VideoException: empty value]
	at edu.wpi.first.cscore.CameraServerJNI.getTelemetryAverageValue(Native Method)
	at edu.wpi.first.cscore.CameraServerJNI.getTelemetryAverageValue(CameraServerJNI.java:960)
	at edu.wpi.first.cscore.VideoSource.getActualDataRate(VideoSource.java:367)
	at edu.wpi.first.shuffleboard.plugin.cameraserver.source.CameraServerSource.lambda$new$5(CameraServerSource.java:139)

Mar 09, 2024 11:11:22 AM edu.wpi.first.shuffleboard.plugin.cameraserver.source.CameraServerSource lambda$new$5
WARNING: Could not get framerate
VideoException [edu.wpi.first.cscore.VideoException: empty value]
	at edu.wpi.first.cscore.CameraServerJNI.getTelemetryAverageValue(Native Method)
	at edu.wpi.first.cscore.CameraServerJNI.getTelemetryAverageValue(CameraServerJNI.java:960)
	at edu.wpi.first.cscore.VideoSource.getActualFPS(VideoSource.java:354)
	at edu.wpi.first.shuffleboard.plugin.cameraserver.source.CameraServerSource.lambda$new$5(CameraServerSource.java:145)

Mar 09, 2024 11:11:23 AM edu.wpi.first.shuffleboard.plugin.cameraserver.source.CameraServerSource lambda$new$5
WARNING: Could not get bandwidth
VideoException [edu.wpi.first.cscore.VideoException: empty value]
	at edu.wpi.first.cscore.CameraServerJNI.getTelemetryAverageValue(Native Method)
	at edu.wpi.first.cscore.CameraServerJNI.getTelemetryAverageValue(CameraServerJNI.java:960)
	at edu.wpi.first.cscore.VideoSource.getActualDataRate(VideoSource.java:367)
	at edu.wpi.first.shuffleboard.plugin.cameraserver.source.CameraServerSource.lambda$new$5(CameraServerSource.java:139)

Mar 09, 2024 11:11:23 AM edu.wpi.first.shuffleboard.plugin.cameraserver.source.CameraServerSource lambda$new$5
WARNING: Could not get framerate
VideoException [edu.wpi.first.cscore.VideoException: empty value]
	at edu.wpi.first.cscore.CameraServerJNI.getTelemetryAverageValue(Native Method)
	at edu.wpi.first.cscore.CameraServerJNI.getTelemetryAverageValue(CameraServerJNI.java:960)
	at edu.wpi.first.cscore.VideoSource.getActualFPS(VideoSource.java:354)
	at edu.wpi.first.shuffleboard.plugin.cameraserver.source.CameraServerSource.lambda$new$5(CameraServerSource.java:145)

Mar 09, 2024 11:11:23 AM edu.wpi.first.shuffleboard.plugin.cameraserver.source.CameraServerSource lambda$new$5
WARNING: Could not get bandwidth
VideoException [edu.wpi.first.cscore.VideoException: empty value]
	at edu.wpi.first.cscore.CameraServerJNI.getTelemetryAverageValue(Native Method)
	at edu.wpi.first.cscore.CameraServerJNI.getTelemetryAverageValue(CameraServerJNI.java:960)
	at edu.wpi.first.cscore.VideoSource.getActualDataRate(VideoSource.java:367)
	at edu.wpi.first.shuffleboard.plugin.cameraserver.source.CameraServerSource.lambda$new$5(CameraServerSource.java:139)

Mar 09, 2024 11:11:23 AM edu.wpi.first.shuffleboard.plugin.cameraserver.source.CameraServerSource lambda$new$5
WARNING: Could not get framerate
VideoException [edu.wpi.first.cscore.VideoException: empty value]
	at edu.wpi.first.cscore.CameraServerJNI.getTelemetryAverageValue(Native Method)
	at edu.wpi.first.cscore.CameraServerJNI.getTelemetryAverageValue(CameraServerJNI.java:960)
	at edu.wpi.first.cscore.VideoSource.getActualFPS(VideoSource.java:354)
	at edu.wpi.first.shuffleboard.plugin.cameraserver.source.CameraServerSource.lambda$new$5(CameraServerSource.java:145)

Mar 09, 2024 11:11:24 AM edu.wpi.first.shuffleboard.plugin.cameraserver.source.CameraServerSource lambda$new$5
WARNING: Could not get bandwidth
VideoException [edu.wpi.first.cscore.VideoException: empty value]
	at edu.wpi.first.cscore.CameraServerJNI.getTelemetryAverageValue(Native Method)
	at edu.wpi.first.cscore.CameraServerJNI.getTelemetryAverageValue(CameraServerJNI.java:960)
	at edu.wpi.first.cscore.VideoSource.getActualDataRate(VideoSource.java:367)
	at edu.wpi.first.shuffleboard.plugin.cameraserver.source.CameraServerSource.lambda$new$5(CameraServerSource.java:139)

Mar 09, 2024 11:11:24 AM edu.wpi.first.shuffleboard.plugin.cameraserver.source.CameraServerSource lambda$new$5
WARNING: Could not get framerate
VideoException [edu.wpi.first.cscore.VideoException: empty value]
	at edu.wpi.first.cscore.CameraServerJNI.getTelemetryAverageValue(Native Method)
	at edu.wpi.first.cscore.CameraServerJNI.getTelemetryAverageValue(CameraServerJNI.java:960)
	at edu.wpi.first.cscore.VideoSource.getActualFPS(VideoSource.java:354)
	at edu.wpi.first.shuffleboard.plugin.cameraserver.source.CameraServerSource.lambda$new$5(CameraServerSource.java:145)

Mar 09, 2024 11:11:24 AM edu.wpi.first.shuffleboard.plugin.cameraserver.source.CameraServerSource lambda$new$5
WARNING: Could not get bandwidth
VideoException [edu.wpi.first.cscore.VideoException: empty value]
	at edu.wpi.first.cscore.CameraServerJNI.getTelemetryAverageValue(Native Method)
	at edu.wpi.first.cscore.CameraServerJNI.getTelemetryAverageValue(CameraServerJNI.java:960)
	at edu.wpi.first.cscore.VideoSource.getActualDataRate(VideoSource.java:367)
	at edu.wpi.first.shuffleboard.plugin.cameraserver.source.CameraServerSource.lambda$new$5(CameraServerSource.java:139)

Mar 09, 2024 11:11:24 AM edu.wpi.first.shuffleboard.plugin.cameraserver.source.CameraServerSource lambda$new$5
WARNING: Could not get framerate
VideoException [edu.wpi.first.cscore.VideoException: empty value]
	at edu.wpi.first.cscore.CameraServerJNI.getTelemetryAverageValue(Native Method)
	at edu.wpi.first.cscore.CameraServerJNI.getTelemetryAverageValue(CameraServerJNI.java:960)
	at edu.wpi.first.cscore.VideoSource.getActualFPS(VideoSource.java:354)
	at edu.wpi.first.shuffleboard.plugin.cameraserver.source.CameraServerSource.lambda$new$5(CameraServerSource.java:145)

Mar 09, 2024 11:49:25 AM edu.wpi.first.shuffleboard.plugin.cameraserver.source.CameraServerSource lambda$new$5
WARNING: Could not get bandwidth
VideoException [edu.wpi.first.cscore.VideoException: empty value]
	at edu.wpi.first.cscore.CameraServerJNI.getTelemetryAverageValue(Native Method)
	at edu.wpi.first.cscore.CameraServerJNI.getTelemetryAverageValue(CameraServerJNI.java:960)
	at edu.wpi.first.cscore.VideoSource.getActualDataRate(VideoSource.java:367)
	at edu.wpi.first.shuffleboard.plugin.cameraserver.source.CameraServerSource.lambda$new$5(CameraServerSource.java:139)

Mar 09, 2024 11:49:25 AM edu.wpi.first.shuffleboard.plugin.cameraserver.source.CameraServerSource lambda$new$5
WARNING: Could not get framerate
VideoException [edu.wpi.first.cscore.VideoException: empty value]
	at edu.wpi.first.cscore.CameraServerJNI.getTelemetryAverageValue(Native Method)
	at edu.wpi.first.cscore.CameraServerJNI.getTelemetryAverageValue(CameraServerJNI.java:960)
	at edu.wpi.first.cscore.VideoSource.getActualFPS(VideoSource.java:354)
	at edu.wpi.first.shuffleboard.plugin.cameraserver.source.CameraServerSource.lambda$new$5(CameraServerSource.java:145)

Mar 09, 2024 11:52:28 AM edu.wpi.first.shuffleboard.plugin.cameraserver.source.CameraServerSource lambda$new$5
WARNING: Could not get bandwidth
VideoException [edu.wpi.first.cscore.VideoException: empty value]
	at edu.wpi.first.cscore.CameraServerJNI.getTelemetryAverageValue(Native Method)
	at edu.wpi.first.cscore.CameraServerJNI.getTelemetryAverageValue(CameraServerJNI.java:960)
	at edu.wpi.first.cscore.VideoSource.getActualDataRate(VideoSource.java:367)
	at edu.wpi.first.shuffleboard.plugin.cameraserver.source.CameraServerSource.lambda$new$5(CameraServerSource.java:139)

Mar 09, 2024 11:52:28 AM edu.wpi.first.shuffleboard.plugin.cameraserver.source.CameraServerSource lambda$new$5
WARNING: Could not get framerate
VideoException [edu.wpi.first.cscore.VideoException: empty value]
	at edu.wpi.first.cscore.CameraServerJNI.getTelemetryAverageValue(Native Method)
	at edu.wpi.first.cscore.CameraServerJNI.getTelemetryAverageValue(CameraServerJNI.java:960)
	at edu.wpi.first.cscore.VideoSource.getActualFPS(VideoSource.java:354)
	at edu.wpi.first.shuffleboard.plugin.cameraserver.source.CameraServerSource.lambda$new$5(CameraServerSource.java:145)

Mar 09, 2024 11:52:42 AM edu.wpi.first.shuffleboard.plugin.cameraserver.source.CameraServerSource lambda$new$5
WARNING: Could not get bandwidth
VideoException [edu.wpi.first.cscore.VideoException: empty value]
	at edu.wpi.first.cscore.CameraServerJNI.getTelemetryAverageValue(Native Method)
	at edu.wpi.first.cscore.CameraServerJNI.getTelemetryAverageValue(CameraServerJNI.java:960)
	at edu.wpi.first.cscore.VideoSource.getActualDataRate(VideoSource.java:367)
	at edu.wpi.first.shuffleboard.plugin.cameraserver.source.CameraServerSource.lambda$new$5(CameraServerSource.java:139)

Mar 09, 2024 11:52:42 AM edu.wpi.first.shuffleboard.plugin.cameraserver.source.CameraServerSource lambda$new$5
WARNING: Could not get framerate
VideoException [edu.wpi.first.cscore.VideoException: empty value]
	at edu.wpi.first.cscore.CameraServerJNI.getTelemetryAverageValue(Native Method)
	at edu.wpi.first.cscore.CameraServerJNI.getTelemetryAverageValue(CameraServerJNI.java:960)
	at edu.wpi.first.cscore.VideoSource.getActualFPS(VideoSource.java:354)
	at edu.wpi.first.shuffleboard.plugin.cameraserver.source.CameraServerSource.lambda$new$5(CameraServerSource.java:145)

Mar 09, 2024 6:33:23 PM edu.wpi.first.shuffleboard.app.Shuffleboard stop
INFO: Running shutdown hooks
Mar 09, 2024 6:33:23 PM edu.wpi.first.shuffleboard.app.Shuffleboard stop
INFO: Shutting down
