Feb 13, 2022 11:10:56 AM edu.wpi.first.shuffleboard.app.Shuffleboard init
INFO: Build time: 2022-02-02T07:51:36.923873Z
Feb 13, 2022 11:10:56 AM edu.wpi.first.shuffleboard.app.plugin.PluginLoader load
INFO: Loading plugin edu.wpi.first.shuffleboard:Base:1.3.1
Feb 13, 2022 11:10:56 AM edu.wpi.first.shuffleboard.app.plugin.PluginLoader load
INFO: Loaded plugin edu.wpi.first.shuffleboard:Base in 111ms
Feb 13, 2022 11:10:56 AM edu.wpi.first.shuffleboard.app.plugin.PluginLoader load
INFO: Loading plugin edu.wpi.first.shuffleboard:NetworkTables:2.3.0
Feb 13, 2022 11:10:56 AM edu.wpi.first.shuffleboard.app.plugin.PluginLoader load
INFO: Loaded plugin edu.wpi.first.shuffleboard:NetworkTables in 22ms
Feb 13, 2022 11:10:56 AM edu.wpi.first.shuffleboard.app.plugin.PluginLoader load
INFO: Loading plugin edu.wpi.first.shuffleboard:CameraServer:3.1.0
Feb 13, 2022 11:11:01 AM edu.wpi.first.shuffleboard.app.plugin.PluginLoader load
INFO: Loaded plugin edu.wpi.first.shuffleboard:CameraServer in 4731ms
Feb 13, 2022 11:11:02 AM edu.wpi.first.shuffleboard.app.MainWindowController initialize
INFO: Setting up plugins in the UI
Feb 13, 2022 11:11:02 AM edu.wpi.first.shuffleboard.app.Shuffleboard init
WARNING: Took 505ms to load the main FXML
Feb 13, 2022 11:11:05 AM edu.wpi.first.shuffleboard.app.Shuffleboard start
WARNING: Took 9612ms to start Shuffleboard
Feb 13, 2022 11:11:10 AM edu.wpi.first.shuffleboard.app.Shuffleboard stop
INFO: Running shutdown hooks
Feb 13, 2022 11:11:10 AM edu.wpi.first.shuffleboard.app.Shuffleboard stop
INFO: Shutting down
