Mar 25, 2022 8:29:40 AM edu.wpi.first.shuffleboard.app.Shuffleboard init
INFO: Build time: 2022-02-26T21:38:33.311213200Z
Mar 25, 2022 8:29:40 AM edu.wpi.first.shuffleboard.app.plugin.PluginLoader load
INFO: Loading plugin edu.wpi.first.shuffleboard:Base:1.3.1
Mar 25, 2022 8:29:40 AM edu.wpi.first.shuffleboard.app.plugin.PluginLoader load
INFO: Loaded plugin edu.wpi.first.shuffleboard:Base in 58ms
Mar 25, 2022 8:29:40 AM edu.wpi.first.shuffleboard.app.plugin.PluginLoader load
INFO: Loading plugin edu.wpi.first.shuffleboard:NetworkTables:2.3.0
Mar 25, 2022 8:29:40 AM edu.wpi.first.shuffleboard.app.plugin.PluginLoader load
INFO: Loaded plugin edu.wpi.first.shuffleboard:NetworkTables in 12ms
Mar 25, 2022 8:29:40 AM edu.wpi.first.shuffleboard.app.plugin.PluginLoader load
INFO: Loading plugin edu.wpi.first.shuffleboard:CameraServer:3.1.0
Mar 25, 2022 8:29:43 AM edu.wpi.first.shuffleboard.app.plugin.PluginLoader load
INFO: Loaded plugin edu.wpi.first.shuffleboard:CameraServer in 2800ms
Mar 25, 2022 8:29:43 AM edu.wpi.first.shuffleboard.app.MainWindowController initialize
INFO: Setting up plugins in the UI
Mar 25, 2022 8:29:43 AM edu.wpi.first.shuffleboard.app.Shuffleboard init
INFO: Took 419ms to load the main FXML
Mar 25, 2022 8:29:46 AM edu.wpi.first.shuffleboard.app.Shuffleboard start
WARNING: Took 6015ms to start Shuffleboard
Mar 25, 2022 8:29:46 AM edu.wpi.first.shuffleboard.app.json.WidgetSaver deserialize
WARNING: Saved source type is not present, adding destroyed source(s) instead
Mar 25, 2022 8:29:46 AM edu.wpi.first.shuffleboard.app.Shuffleboard uncaughtException
WARNING: Uncaught exception on JavaFX Application Thread
java.lang.ClassCastException: class com.google.gson.internal.LazilyParsedNumber cannot be cast to class java.lang.Integer (com.google.gson.internal.LazilyParsedNumber is in unnamed module of loader 'app'; java.lang.Integer is in module java.base of loader 'bootstrap')
	at edu.wpi.first.shuffleboard.plugin.cameraserver.widget.CameraServerWidget.applySettings(CameraServerWidget.java:165)
	at edu.wpi.first.shuffleboard.plugin.cameraserver.widget.CameraServerWidget.lambda$initialize$6(CameraServerWidget.java:126)
	at com.sun.javafx.binding.ExpressionHelper$Generic.fireValueChangedEvent(ExpressionHelper.java:360)
	at com.sun.javafx.binding.ExpressionHelper.fireValueChangedEvent(ExpressionHelper.java:80)
	at javafx.beans.property.ObjectPropertyBase.fireValueChangedEvent(ObjectPropertyBase.java:106)
	at javafx.beans.property.ObjectPropertyBase.markInvalid(ObjectPropertyBase.java:113)
	at javafx.beans.property.ObjectPropertyBase.set(ObjectPropertyBase.java:147)
	at edu.wpi.first.shuffleboard.api.widget.SingleSourceWidget.addSource(SingleSourceWidget.java:20)
	at edu.wpi.first.shuffleboard.app.json.WidgetSaver.deserialize(WidgetSaver.java:73)
	at edu.wpi.first.shuffleboard.app.json.WidgetSaver.deserialize(WidgetSaver.java:23)
	at edu.wpi.first.shuffleboard.api.json.ElementTypeAdapter.deserialize(ElementTypeAdapter.java:30)
	at com.google.gson.internal.bind.TreeTypeAdapter.read(TreeTypeAdapter.java:69)
	at com.google.gson.Gson.fromJson(Gson.java:888)
	at com.google.gson.Gson.fromJson(Gson.java:953)
	at com.google.gson.internal.bind.TreeTypeAdapter$GsonContextImpl.deserialize(TreeTypeAdapter.java:162)
	at edu.wpi.first.shuffleboard.app.json.WidgetPaneSaver.deserialize(WidgetPaneSaver.java:79)
	at edu.wpi.first.shuffleboard.app.json.WidgetPaneSaver.deserialize(WidgetPaneSaver.java:25)
	at edu.wpi.first.shuffleboard.api.json.ElementTypeAdapter.deserialize(ElementTypeAdapter.java:30)
	at com.google.gson.internal.bind.TreeTypeAdapter.read(TreeTypeAdapter.java:69)
	at com.google.gson.Gson.fromJson(Gson.java:888)
	at com.google.gson.Gson.fromJson(Gson.java:953)
	at com.google.gson.internal.bind.TreeTypeAdapter$GsonContextImpl.deserialize(TreeTypeAdapter.java:162)
	at edu.wpi.first.shuffleboard.app.json.DashboardTabPaneSaver.deserialize(DashboardTabPaneSaver.java:55)
	at edu.wpi.first.shuffleboard.app.json.DashboardTabPaneSaver.deserialize(DashboardTabPaneSaver.java:22)
	at edu.wpi.first.shuffleboard.api.json.ElementTypeAdapter.deserialize(ElementTypeAdapter.java:30)
	at com.google.gson.internal.bind.TreeTypeAdapter.read(TreeTypeAdapter.java:69)
	at com.google.gson.internal.bind.ReflectiveTypeAdapterFactory$1.read(ReflectiveTypeAdapterFactory.java:129)
	at com.google.gson.internal.bind.ReflectiveTypeAdapterFactory$Adapter.read(ReflectiveTypeAdapterFactory.java:220)
	at com.google.gson.Gson.fromJson(Gson.java:888)
	at com.google.gson.Gson.fromJson(Gson.java:826)
	at edu.wpi.first.shuffleboard.app.SaveFileHandler.load(SaveFileHandler.java:115)
	at edu.wpi.first.shuffleboard.app.MainWindowController.load(MainWindowController.java:254)
	at edu.wpi.first.shuffleboard.app.Shuffleboard.lambda$start$3(Shuffleboard.java:116)
	at com.sun.javafx.application.PlatformImpl.lambda$runLater$10(PlatformImpl.java:428)
	at java.base/java.security.AccessController.doPrivileged(Native Method)
	at com.sun.javafx.application.PlatformImpl.lambda$runLater$11(PlatformImpl.java:427)
	at com.sun.glass.ui.InvokeLaterDispatcher$Future.run(InvokeLaterDispatcher.java:96)
	at com.sun.glass.ui.win.WinApplication._runLoop(Native Method)
	at com.sun.glass.ui.win.WinApplication.lambda$runLoop$3(WinApplication.java:174)
	at java.base/java.lang.Thread.run(Thread.java:829)

Mar 25, 2022 9:44:34 AM edu.wpi.first.shuffleboard.plugin.cameraserver.source.CameraServerSource lambda$new$5
WARNING: Could not get bandwidth
VideoException [edu.wpi.first.cscore.VideoException: empty value]
	at edu.wpi.first.cscore.CameraServerJNI.getTelemetryAverageValue(Native Method)
	at edu.wpi.first.cscore.CameraServerJNI.getTelemetryAverageValue(CameraServerJNI.java:364)
	at edu.wpi.first.cscore.VideoSource.getActualDataRate(VideoSource.java:334)
	at edu.wpi.first.shuffleboard.plugin.cameraserver.source.CameraServerSource.lambda$new$5(CameraServerSource.java:139)

Mar 25, 2022 9:44:34 AM edu.wpi.first.shuffleboard.plugin.cameraserver.source.CameraServerSource lambda$new$5
WARNING: Could not get framerate
VideoException [edu.wpi.first.cscore.VideoException: empty value]
	at edu.wpi.first.cscore.CameraServerJNI.getTelemetryAverageValue(Native Method)
	at edu.wpi.first.cscore.CameraServerJNI.getTelemetryAverageValue(CameraServerJNI.java:364)
	at edu.wpi.first.cscore.VideoSource.getActualFPS(VideoSource.java:321)
	at edu.wpi.first.shuffleboard.plugin.cameraserver.source.CameraServerSource.lambda$new$5(CameraServerSource.java:145)

Mar 25, 2022 9:45:30 AM edu.wpi.first.shuffleboard.plugin.cameraserver.source.CameraServerSource lambda$new$5
WARNING: Could not get bandwidth
VideoException [edu.wpi.first.cscore.VideoException: empty value]
	at edu.wpi.first.cscore.CameraServerJNI.getTelemetryAverageValue(Native Method)
	at edu.wpi.first.cscore.CameraServerJNI.getTelemetryAverageValue(CameraServerJNI.java:364)
	at edu.wpi.first.cscore.VideoSource.getActualDataRate(VideoSource.java:334)
	at edu.wpi.first.shuffleboard.plugin.cameraserver.source.CameraServerSource.lambda$new$5(CameraServerSource.java:139)

Mar 25, 2022 9:45:30 AM edu.wpi.first.shuffleboard.plugin.cameraserver.source.CameraServerSource lambda$new$5
WARNING: Could not get framerate
VideoException [edu.wpi.first.cscore.VideoException: empty value]
	at edu.wpi.first.cscore.CameraServerJNI.getTelemetryAverageValue(Native Method)
	at edu.wpi.first.cscore.CameraServerJNI.getTelemetryAverageValue(CameraServerJNI.java:364)
	at edu.wpi.first.cscore.VideoSource.getActualFPS(VideoSource.java:321)
	at edu.wpi.first.shuffleboard.plugin.cameraserver.source.CameraServerSource.lambda$new$5(CameraServerSource.java:145)

Mar 25, 2022 9:56:26 AM edu.wpi.first.shuffleboard.plugin.cameraserver.source.CameraServerSource lambda$new$5
WARNING: Could not get bandwidth
VideoException [edu.wpi.first.cscore.VideoException: empty value]
	at edu.wpi.first.cscore.CameraServerJNI.getTelemetryAverageValue(Native Method)
	at edu.wpi.first.cscore.CameraServerJNI.getTelemetryAverageValue(CameraServerJNI.java:364)
	at edu.wpi.first.cscore.VideoSource.getActualDataRate(VideoSource.java:334)
	at edu.wpi.first.shuffleboard.plugin.cameraserver.source.CameraServerSource.lambda$new$5(CameraServerSource.java:139)

Mar 25, 2022 9:56:26 AM edu.wpi.first.shuffleboard.plugin.cameraserver.source.CameraServerSource lambda$new$5
WARNING: Could not get framerate
VideoException [edu.wpi.first.cscore.VideoException: empty value]
	at edu.wpi.first.cscore.CameraServerJNI.getTelemetryAverageValue(Native Method)
	at edu.wpi.first.cscore.CameraServerJNI.getTelemetryAverageValue(CameraServerJNI.java:364)
	at edu.wpi.first.cscore.VideoSource.getActualFPS(VideoSource.java:321)
	at edu.wpi.first.shuffleboard.plugin.cameraserver.source.CameraServerSource.lambda$new$5(CameraServerSource.java:145)

Mar 25, 2022 9:59:28 AM edu.wpi.first.shuffleboard.plugin.cameraserver.source.CameraServerSource lambda$new$5
WARNING: Could not get bandwidth
VideoException [edu.wpi.first.cscore.VideoException: empty value]
	at edu.wpi.first.cscore.CameraServerJNI.getTelemetryAverageValue(Native Method)
	at edu.wpi.first.cscore.CameraServerJNI.getTelemetryAverageValue(CameraServerJNI.java:364)
	at edu.wpi.first.cscore.VideoSource.getActualDataRate(VideoSource.java:334)
	at edu.wpi.first.shuffleboard.plugin.cameraserver.source.CameraServerSource.lambda$new$5(CameraServerSource.java:139)

Mar 25, 2022 9:59:28 AM edu.wpi.first.shuffleboard.plugin.cameraserver.source.CameraServerSource lambda$new$5
WARNING: Could not get framerate
VideoException [edu.wpi.first.cscore.VideoException: empty value]
	at edu.wpi.first.cscore.CameraServerJNI.getTelemetryAverageValue(Native Method)
	at edu.wpi.first.cscore.CameraServerJNI.getTelemetryAverageValue(CameraServerJNI.java:364)
	at edu.wpi.first.cscore.VideoSource.getActualFPS(VideoSource.java:321)
	at edu.wpi.first.shuffleboard.plugin.cameraserver.source.CameraServerSource.lambda$new$5(CameraServerSource.java:145)

Mar 25, 2022 12:03:30 PM edu.wpi.first.shuffleboard.plugin.cameraserver.source.CameraServerSource lambda$new$5
WARNING: Could not get bandwidth
VideoException [edu.wpi.first.cscore.VideoException: empty value]
	at edu.wpi.first.cscore.CameraServerJNI.getTelemetryAverageValue(Native Method)
	at edu.wpi.first.cscore.CameraServerJNI.getTelemetryAverageValue(CameraServerJNI.java:364)
	at edu.wpi.first.cscore.VideoSource.getActualDataRate(VideoSource.java:334)
	at edu.wpi.first.shuffleboard.plugin.cameraserver.source.CameraServerSource.lambda$new$5(CameraServerSource.java:139)

Mar 25, 2022 12:03:30 PM edu.wpi.first.shuffleboard.plugin.cameraserver.source.CameraServerSource lambda$new$5
WARNING: Could not get framerate
VideoException [edu.wpi.first.cscore.VideoException: empty value]
	at edu.wpi.first.cscore.CameraServerJNI.getTelemetryAverageValue(Native Method)
	at edu.wpi.first.cscore.CameraServerJNI.getTelemetryAverageValue(CameraServerJNI.java:364)
	at edu.wpi.first.cscore.VideoSource.getActualFPS(VideoSource.java:321)
	at edu.wpi.first.shuffleboard.plugin.cameraserver.source.CameraServerSource.lambda$new$5(CameraServerSource.java:145)

Mar 25, 2022 12:07:06 PM edu.wpi.first.shuffleboard.plugin.cameraserver.source.CameraServerSource lambda$new$5
WARNING: Could not get bandwidth
VideoException [edu.wpi.first.cscore.VideoException: empty value]
	at edu.wpi.first.cscore.CameraServerJNI.getTelemetryAverageValue(Native Method)
	at edu.wpi.first.cscore.CameraServerJNI.getTelemetryAverageValue(CameraServerJNI.java:364)
	at edu.wpi.first.cscore.VideoSource.getActualDataRate(VideoSource.java:334)
	at edu.wpi.first.shuffleboard.plugin.cameraserver.source.CameraServerSource.lambda$new$5(CameraServerSource.java:139)

Mar 25, 2022 12:07:06 PM edu.wpi.first.shuffleboard.plugin.cameraserver.source.CameraServerSource lambda$new$5
WARNING: Could not get framerate
VideoException [edu.wpi.first.cscore.VideoException: empty value]
	at edu.wpi.first.cscore.CameraServerJNI.getTelemetryAverageValue(Native Method)
	at edu.wpi.first.cscore.CameraServerJNI.getTelemetryAverageValue(CameraServerJNI.java:364)
	at edu.wpi.first.cscore.VideoSource.getActualFPS(VideoSource.java:321)
	at edu.wpi.first.shuffleboard.plugin.cameraserver.source.CameraServerSource.lambda$new$5(CameraServerSource.java:145)

Mar 25, 2022 1:00:41 PM edu.wpi.first.shuffleboard.plugin.cameraserver.source.CameraServerSource lambda$new$5
WARNING: Could not get bandwidth
VideoException [edu.wpi.first.cscore.VideoException: empty value]
	at edu.wpi.first.cscore.CameraServerJNI.getTelemetryAverageValue(Native Method)
	at edu.wpi.first.cscore.CameraServerJNI.getTelemetryAverageValue(CameraServerJNI.java:364)
	at edu.wpi.first.cscore.VideoSource.getActualDataRate(VideoSource.java:334)
	at edu.wpi.first.shuffleboard.plugin.cameraserver.source.CameraServerSource.lambda$new$5(CameraServerSource.java:139)

Mar 25, 2022 1:00:41 PM edu.wpi.first.shuffleboard.plugin.cameraserver.source.CameraServerSource lambda$new$5
WARNING: Could not get framerate
VideoException [edu.wpi.first.cscore.VideoException: empty value]
	at edu.wpi.first.cscore.CameraServerJNI.getTelemetryAverageValue(Native Method)
	at edu.wpi.first.cscore.CameraServerJNI.getTelemetryAverageValue(CameraServerJNI.java:364)
	at edu.wpi.first.cscore.VideoSource.getActualFPS(VideoSource.java:321)
	at edu.wpi.first.shuffleboard.plugin.cameraserver.source.CameraServerSource.lambda$new$5(CameraServerSource.java:145)

Mar 25, 2022 1:48:00 PM edu.wpi.first.shuffleboard.plugin.cameraserver.source.CameraServerSource lambda$new$5
WARNING: Could not get bandwidth
VideoException [edu.wpi.first.cscore.VideoException: empty value]
	at edu.wpi.first.cscore.CameraServerJNI.getTelemetryAverageValue(Native Method)
	at edu.wpi.first.cscore.CameraServerJNI.getTelemetryAverageValue(CameraServerJNI.java:364)
	at edu.wpi.first.cscore.VideoSource.getActualDataRate(VideoSource.java:334)
	at edu.wpi.first.shuffleboard.plugin.cameraserver.source.CameraServerSource.lambda$new$5(CameraServerSource.java:139)

Mar 25, 2022 1:48:00 PM edu.wpi.first.shuffleboard.plugin.cameraserver.source.CameraServerSource lambda$new$5
WARNING: Could not get framerate
VideoException [edu.wpi.first.cscore.VideoException: empty value]
	at edu.wpi.first.cscore.CameraServerJNI.getTelemetryAverageValue(Native Method)
	at edu.wpi.first.cscore.CameraServerJNI.getTelemetryAverageValue(CameraServerJNI.java:364)
	at edu.wpi.first.cscore.VideoSource.getActualFPS(VideoSource.java:321)
	at edu.wpi.first.shuffleboard.plugin.cameraserver.source.CameraServerSource.lambda$new$5(CameraServerSource.java:145)

Mar 25, 2022 1:50:46 PM edu.wpi.first.shuffleboard.plugin.cameraserver.source.CameraServerSource lambda$new$5
WARNING: Could not get bandwidth
VideoException [edu.wpi.first.cscore.VideoException: empty value]
	at edu.wpi.first.cscore.CameraServerJNI.getTelemetryAverageValue(Native Method)
	at edu.wpi.first.cscore.CameraServerJNI.getTelemetryAverageValue(CameraServerJNI.java:364)
	at edu.wpi.first.cscore.VideoSource.getActualDataRate(VideoSource.java:334)
	at edu.wpi.first.shuffleboard.plugin.cameraserver.source.CameraServerSource.lambda$new$5(CameraServerSource.java:139)

Mar 25, 2022 1:50:46 PM edu.wpi.first.shuffleboard.plugin.cameraserver.source.CameraServerSource lambda$new$5
WARNING: Could not get framerate
VideoException [edu.wpi.first.cscore.VideoException: empty value]
	at edu.wpi.first.cscore.CameraServerJNI.getTelemetryAverageValue(Native Method)
	at edu.wpi.first.cscore.CameraServerJNI.getTelemetryAverageValue(CameraServerJNI.java:364)
	at edu.wpi.first.cscore.VideoSource.getActualFPS(VideoSource.java:321)
	at edu.wpi.first.shuffleboard.plugin.cameraserver.source.CameraServerSource.lambda$new$5(CameraServerSource.java:145)

Mar 25, 2022 1:51:54 PM edu.wpi.first.shuffleboard.plugin.cameraserver.source.CameraServerSource lambda$new$5
WARNING: Could not get bandwidth
VideoException [edu.wpi.first.cscore.VideoException: empty value]
	at edu.wpi.first.cscore.CameraServerJNI.getTelemetryAverageValue(Native Method)
	at edu.wpi.first.cscore.CameraServerJNI.getTelemetryAverageValue(CameraServerJNI.java:364)
	at edu.wpi.first.cscore.VideoSource.getActualDataRate(VideoSource.java:334)
	at edu.wpi.first.shuffleboard.plugin.cameraserver.source.CameraServerSource.lambda$new$5(CameraServerSource.java:139)

Mar 25, 2022 1:51:54 PM edu.wpi.first.shuffleboard.plugin.cameraserver.source.CameraServerSource lambda$new$5
WARNING: Could not get framerate
VideoException [edu.wpi.first.cscore.VideoException: empty value]
	at edu.wpi.first.cscore.CameraServerJNI.getTelemetryAverageValue(Native Method)
	at edu.wpi.first.cscore.CameraServerJNI.getTelemetryAverageValue(CameraServerJNI.java:364)
	at edu.wpi.first.cscore.VideoSource.getActualFPS(VideoSource.java:321)
	at edu.wpi.first.shuffleboard.plugin.cameraserver.source.CameraServerSource.lambda$new$5(CameraServerSource.java:145)

Mar 25, 2022 2:39:50 PM edu.wpi.first.shuffleboard.plugin.cameraserver.source.CameraServerSource lambda$new$5
WARNING: Could not get bandwidth
VideoException [edu.wpi.first.cscore.VideoException: empty value]
	at edu.wpi.first.cscore.CameraServerJNI.getTelemetryAverageValue(Native Method)
	at edu.wpi.first.cscore.CameraServerJNI.getTelemetryAverageValue(CameraServerJNI.java:364)
	at edu.wpi.first.cscore.VideoSource.getActualDataRate(VideoSource.java:334)
	at edu.wpi.first.shuffleboard.plugin.cameraserver.source.CameraServerSource.lambda$new$5(CameraServerSource.java:139)

Mar 25, 2022 2:39:50 PM edu.wpi.first.shuffleboard.plugin.cameraserver.source.CameraServerSource lambda$new$5
WARNING: Could not get framerate
VideoException [edu.wpi.first.cscore.VideoException: empty value]
	at edu.wpi.first.cscore.CameraServerJNI.getTelemetryAverageValue(Native Method)
	at edu.wpi.first.cscore.CameraServerJNI.getTelemetryAverageValue(CameraServerJNI.java:364)
	at edu.wpi.first.cscore.VideoSource.getActualFPS(VideoSource.java:321)
	at edu.wpi.first.shuffleboard.plugin.cameraserver.source.CameraServerSource.lambda$new$5(CameraServerSource.java:145)

Mar 25, 2022 2:39:51 PM edu.wpi.first.shuffleboard.plugin.cameraserver.source.CameraServerSource lambda$new$5
WARNING: Could not get bandwidth
VideoException [edu.wpi.first.cscore.VideoException: empty value]
	at edu.wpi.first.cscore.CameraServerJNI.getTelemetryAverageValue(Native Method)
	at edu.wpi.first.cscore.CameraServerJNI.getTelemetryAverageValue(CameraServerJNI.java:364)
	at edu.wpi.first.cscore.VideoSource.getActualDataRate(VideoSource.java:334)
	at edu.wpi.first.shuffleboard.plugin.cameraserver.source.CameraServerSource.lambda$new$5(CameraServerSource.java:139)

Mar 25, 2022 2:39:51 PM edu.wpi.first.shuffleboard.plugin.cameraserver.source.CameraServerSource lambda$new$5
WARNING: Could not get framerate
VideoException [edu.wpi.first.cscore.VideoException: empty value]
	at edu.wpi.first.cscore.CameraServerJNI.getTelemetryAverageValue(Native Method)
	at edu.wpi.first.cscore.CameraServerJNI.getTelemetryAverageValue(CameraServerJNI.java:364)
	at edu.wpi.first.cscore.VideoSource.getActualFPS(VideoSource.java:321)
	at edu.wpi.first.shuffleboard.plugin.cameraserver.source.CameraServerSource.lambda$new$5(CameraServerSource.java:145)

Mar 25, 2022 2:39:52 PM edu.wpi.first.shuffleboard.plugin.cameraserver.source.CameraServerSource lambda$new$5
WARNING: Could not get bandwidth
VideoException [edu.wpi.first.cscore.VideoException: empty value]
	at edu.wpi.first.cscore.CameraServerJNI.getTelemetryAverageValue(Native Method)
	at edu.wpi.first.cscore.CameraServerJNI.getTelemetryAverageValue(CameraServerJNI.java:364)
	at edu.wpi.first.cscore.VideoSource.getActualDataRate(VideoSource.java:334)
	at edu.wpi.first.shuffleboard.plugin.cameraserver.source.CameraServerSource.lambda$new$5(CameraServerSource.java:139)

Mar 25, 2022 2:39:52 PM edu.wpi.first.shuffleboard.plugin.cameraserver.source.CameraServerSource lambda$new$5
WARNING: Could not get framerate
VideoException [edu.wpi.first.cscore.VideoException: empty value]
	at edu.wpi.first.cscore.CameraServerJNI.getTelemetryAverageValue(Native Method)
	at edu.wpi.first.cscore.CameraServerJNI.getTelemetryAverageValue(CameraServerJNI.java:364)
	at edu.wpi.first.cscore.VideoSource.getActualFPS(VideoSource.java:321)
	at edu.wpi.first.shuffleboard.plugin.cameraserver.source.CameraServerSource.lambda$new$5(CameraServerSource.java:145)

Mar 25, 2022 2:39:53 PM edu.wpi.first.shuffleboard.plugin.cameraserver.source.CameraServerSource lambda$new$5
WARNING: Could not get bandwidth
VideoException [edu.wpi.first.cscore.VideoException: empty value]
	at edu.wpi.first.cscore.CameraServerJNI.getTelemetryAverageValue(Native Method)
	at edu.wpi.first.cscore.CameraServerJNI.getTelemetryAverageValue(CameraServerJNI.java:364)
	at edu.wpi.first.cscore.VideoSource.getActualDataRate(VideoSource.java:334)
	at edu.wpi.first.shuffleboard.plugin.cameraserver.source.CameraServerSource.lambda$new$5(CameraServerSource.java:139)

Mar 25, 2022 2:39:53 PM edu.wpi.first.shuffleboard.plugin.cameraserver.source.CameraServerSource lambda$new$5
WARNING: Could not get framerate
VideoException [edu.wpi.first.cscore.VideoException: empty value]
	at edu.wpi.first.cscore.CameraServerJNI.getTelemetryAverageValue(Native Method)
	at edu.wpi.first.cscore.CameraServerJNI.getTelemetryAverageValue(CameraServerJNI.java:364)
	at edu.wpi.first.cscore.VideoSource.getActualFPS(VideoSource.java:321)
	at edu.wpi.first.shuffleboard.plugin.cameraserver.source.CameraServerSource.lambda$new$5(CameraServerSource.java:145)

Mar 25, 2022 2:39:54 PM edu.wpi.first.shuffleboard.plugin.cameraserver.source.CameraServerSource lambda$new$5
WARNING: Could not get bandwidth
VideoException [edu.wpi.first.cscore.VideoException: empty value]
	at edu.wpi.first.cscore.CameraServerJNI.getTelemetryAverageValue(Native Method)
	at edu.wpi.first.cscore.CameraServerJNI.getTelemetryAverageValue(CameraServerJNI.java:364)
	at edu.wpi.first.cscore.VideoSource.getActualDataRate(VideoSource.java:334)
	at edu.wpi.first.shuffleboard.plugin.cameraserver.source.CameraServerSource.lambda$new$5(CameraServerSource.java:139)

Mar 25, 2022 2:39:54 PM edu.wpi.first.shuffleboard.plugin.cameraserver.source.CameraServerSource lambda$new$5
WARNING: Could not get framerate
VideoException [edu.wpi.first.cscore.VideoException: empty value]
	at edu.wpi.first.cscore.CameraServerJNI.getTelemetryAverageValue(Native Method)
	at edu.wpi.first.cscore.CameraServerJNI.getTelemetryAverageValue(CameraServerJNI.java:364)
	at edu.wpi.first.cscore.VideoSource.getActualFPS(VideoSource.java:321)
	at edu.wpi.first.shuffleboard.plugin.cameraserver.source.CameraServerSource.lambda$new$5(CameraServerSource.java:145)

Mar 25, 2022 2:39:55 PM edu.wpi.first.shuffleboard.plugin.cameraserver.source.CameraServerSource lambda$new$5
WARNING: Could not get bandwidth
VideoException [edu.wpi.first.cscore.VideoException: empty value]
	at edu.wpi.first.cscore.CameraServerJNI.getTelemetryAverageValue(Native Method)
	at edu.wpi.first.cscore.CameraServerJNI.getTelemetryAverageValue(CameraServerJNI.java:364)
	at edu.wpi.first.cscore.VideoSource.getActualDataRate(VideoSource.java:334)
	at edu.wpi.first.shuffleboard.plugin.cameraserver.source.CameraServerSource.lambda$new$5(CameraServerSource.java:139)

Mar 25, 2022 2:39:55 PM edu.wpi.first.shuffleboard.plugin.cameraserver.source.CameraServerSource lambda$new$5
WARNING: Could not get framerate
VideoException [edu.wpi.first.cscore.VideoException: empty value]
	at edu.wpi.first.cscore.CameraServerJNI.getTelemetryAverageValue(Native Method)
	at edu.wpi.first.cscore.CameraServerJNI.getTelemetryAverageValue(CameraServerJNI.java:364)
	at edu.wpi.first.cscore.VideoSource.getActualFPS(VideoSource.java:321)
	at edu.wpi.first.shuffleboard.plugin.cameraserver.source.CameraServerSource.lambda$new$5(CameraServerSource.java:145)

Mar 25, 2022 2:39:56 PM edu.wpi.first.shuffleboard.plugin.cameraserver.source.CameraServerSource lambda$new$5
WARNING: Could not get bandwidth
VideoException [edu.wpi.first.cscore.VideoException: empty value]
	at edu.wpi.first.cscore.CameraServerJNI.getTelemetryAverageValue(Native Method)
	at edu.wpi.first.cscore.CameraServerJNI.getTelemetryAverageValue(CameraServerJNI.java:364)
	at edu.wpi.first.cscore.VideoSource.getActualDataRate(VideoSource.java:334)
	at edu.wpi.first.shuffleboard.plugin.cameraserver.source.CameraServerSource.lambda$new$5(CameraServerSource.java:139)

Mar 25, 2022 2:39:56 PM edu.wpi.first.shuffleboard.plugin.cameraserver.source.CameraServerSource lambda$new$5
WARNING: Could not get framerate
VideoException [edu.wpi.first.cscore.VideoException: empty value]
	at edu.wpi.first.cscore.CameraServerJNI.getTelemetryAverageValue(Native Method)
	at edu.wpi.first.cscore.CameraServerJNI.getTelemetryAverageValue(CameraServerJNI.java:364)
	at edu.wpi.first.cscore.VideoSource.getActualFPS(VideoSource.java:321)
	at edu.wpi.first.shuffleboard.plugin.cameraserver.source.CameraServerSource.lambda$new$5(CameraServerSource.java:145)

Mar 25, 2022 2:39:57 PM edu.wpi.first.shuffleboard.plugin.cameraserver.source.CameraServerSource lambda$new$5
WARNING: Could not get bandwidth
VideoException [edu.wpi.first.cscore.VideoException: empty value]
	at edu.wpi.first.cscore.CameraServerJNI.getTelemetryAverageValue(Native Method)
	at edu.wpi.first.cscore.CameraServerJNI.getTelemetryAverageValue(CameraServerJNI.java:364)
	at edu.wpi.first.cscore.VideoSource.getActualDataRate(VideoSource.java:334)
	at edu.wpi.first.shuffleboard.plugin.cameraserver.source.CameraServerSource.lambda$new$5(CameraServerSource.java:139)

Mar 25, 2022 2:39:57 PM edu.wpi.first.shuffleboard.plugin.cameraserver.source.CameraServerSource lambda$new$5
WARNING: Could not get framerate
VideoException [edu.wpi.first.cscore.VideoException: empty value]
	at edu.wpi.first.cscore.CameraServerJNI.getTelemetryAverageValue(Native Method)
	at edu.wpi.first.cscore.CameraServerJNI.getTelemetryAverageValue(CameraServerJNI.java:364)
	at edu.wpi.first.cscore.VideoSource.getActualFPS(VideoSource.java:321)
	at edu.wpi.first.shuffleboard.plugin.cameraserver.source.CameraServerSource.lambda$new$5(CameraServerSource.java:145)

Mar 25, 2022 2:39:58 PM edu.wpi.first.shuffleboard.plugin.cameraserver.source.CameraServerSource lambda$new$5
WARNING: Could not get bandwidth
VideoException [edu.wpi.first.cscore.VideoException: empty value]
	at edu.wpi.first.cscore.CameraServerJNI.getTelemetryAverageValue(Native Method)
	at edu.wpi.first.cscore.CameraServerJNI.getTelemetryAverageValue(CameraServerJNI.java:364)
	at edu.wpi.first.cscore.VideoSource.getActualDataRate(VideoSource.java:334)
	at edu.wpi.first.shuffleboard.plugin.cameraserver.source.CameraServerSource.lambda$new$5(CameraServerSource.java:139)

Mar 25, 2022 2:39:58 PM edu.wpi.first.shuffleboard.plugin.cameraserver.source.CameraServerSource lambda$new$5
WARNING: Could not get framerate
VideoException [edu.wpi.first.cscore.VideoException: empty value]
	at edu.wpi.first.cscore.CameraServerJNI.getTelemetryAverageValue(Native Method)
	at edu.wpi.first.cscore.CameraServerJNI.getTelemetryAverageValue(CameraServerJNI.java:364)
	at edu.wpi.first.cscore.VideoSource.getActualFPS(VideoSource.java:321)
	at edu.wpi.first.shuffleboard.plugin.cameraserver.source.CameraServerSource.lambda$new$5(CameraServerSource.java:145)

Mar 25, 2022 2:39:59 PM edu.wpi.first.shuffleboard.plugin.cameraserver.source.CameraServerSource lambda$new$5
WARNING: Could not get bandwidth
VideoException [edu.wpi.first.cscore.VideoException: empty value]
	at edu.wpi.first.cscore.CameraServerJNI.getTelemetryAverageValue(Native Method)
	at edu.wpi.first.cscore.CameraServerJNI.getTelemetryAverageValue(CameraServerJNI.java:364)
	at edu.wpi.first.cscore.VideoSource.getActualDataRate(VideoSource.java:334)
	at edu.wpi.first.shuffleboard.plugin.cameraserver.source.CameraServerSource.lambda$new$5(CameraServerSource.java:139)

Mar 25, 2022 2:39:59 PM edu.wpi.first.shuffleboard.plugin.cameraserver.source.CameraServerSource lambda$new$5
WARNING: Could not get framerate
VideoException [edu.wpi.first.cscore.VideoException: empty value]
	at edu.wpi.first.cscore.CameraServerJNI.getTelemetryAverageValue(Native Method)
	at edu.wpi.first.cscore.CameraServerJNI.getTelemetryAverageValue(CameraServerJNI.java:364)
	at edu.wpi.first.cscore.VideoSource.getActualFPS(VideoSource.java:321)
	at edu.wpi.first.shuffleboard.plugin.cameraserver.source.CameraServerSource.lambda$new$5(CameraServerSource.java:145)

Mar 25, 2022 2:40:00 PM edu.wpi.first.shuffleboard.plugin.cameraserver.source.CameraServerSource lambda$new$5
WARNING: Could not get bandwidth
VideoException [edu.wpi.first.cscore.VideoException: empty value]
	at edu.wpi.first.cscore.CameraServerJNI.getTelemetryAverageValue(Native Method)
	at edu.wpi.first.cscore.CameraServerJNI.getTelemetryAverageValue(CameraServerJNI.java:364)
	at edu.wpi.first.cscore.VideoSource.getActualDataRate(VideoSource.java:334)
	at edu.wpi.first.shuffleboard.plugin.cameraserver.source.CameraServerSource.lambda$new$5(CameraServerSource.java:139)

Mar 25, 2022 2:40:00 PM edu.wpi.first.shuffleboard.plugin.cameraserver.source.CameraServerSource lambda$new$5
WARNING: Could not get framerate
VideoException [edu.wpi.first.cscore.VideoException: empty value]
	at edu.wpi.first.cscore.CameraServerJNI.getTelemetryAverageValue(Native Method)
	at edu.wpi.first.cscore.CameraServerJNI.getTelemetryAverageValue(CameraServerJNI.java:364)
	at edu.wpi.first.cscore.VideoSource.getActualFPS(VideoSource.java:321)
	at edu.wpi.first.shuffleboard.plugin.cameraserver.source.CameraServerSource.lambda$new$5(CameraServerSource.java:145)

Mar 25, 2022 2:40:01 PM edu.wpi.first.shuffleboard.plugin.cameraserver.source.CameraServerSource lambda$new$5
WARNING: Could not get bandwidth
VideoException [edu.wpi.first.cscore.VideoException: empty value]
	at edu.wpi.first.cscore.CameraServerJNI.getTelemetryAverageValue(Native Method)
	at edu.wpi.first.cscore.CameraServerJNI.getTelemetryAverageValue(CameraServerJNI.java:364)
	at edu.wpi.first.cscore.VideoSource.getActualDataRate(VideoSource.java:334)
	at edu.wpi.first.shuffleboard.plugin.cameraserver.source.CameraServerSource.lambda$new$5(CameraServerSource.java:139)

Mar 25, 2022 2:40:01 PM edu.wpi.first.shuffleboard.plugin.cameraserver.source.CameraServerSource lambda$new$5
WARNING: Could not get framerate
VideoException [edu.wpi.first.cscore.VideoException: empty value]
	at edu.wpi.first.cscore.CameraServerJNI.getTelemetryAverageValue(Native Method)
	at edu.wpi.first.cscore.CameraServerJNI.getTelemetryAverageValue(CameraServerJNI.java:364)
	at edu.wpi.first.cscore.VideoSource.getActualFPS(VideoSource.java:321)
	at edu.wpi.first.shuffleboard.plugin.cameraserver.source.CameraServerSource.lambda$new$5(CameraServerSource.java:145)

Mar 25, 2022 2:47:49 PM edu.wpi.first.shuffleboard.plugin.cameraserver.source.CameraServerSource lambda$new$5
WARNING: Could not get bandwidth
VideoException [edu.wpi.first.cscore.VideoException: empty value]
	at edu.wpi.first.cscore.CameraServerJNI.getTelemetryAverageValue(Native Method)
	at edu.wpi.first.cscore.CameraServerJNI.getTelemetryAverageValue(CameraServerJNI.java:364)
	at edu.wpi.first.cscore.VideoSource.getActualDataRate(VideoSource.java:334)
	at edu.wpi.first.shuffleboard.plugin.cameraserver.source.CameraServerSource.lambda$new$5(CameraServerSource.java:139)

Mar 25, 2022 2:47:49 PM edu.wpi.first.shuffleboard.plugin.cameraserver.source.CameraServerSource lambda$new$5
WARNING: Could not get framerate
VideoException [edu.wpi.first.cscore.VideoException: empty value]
	at edu.wpi.first.cscore.CameraServerJNI.getTelemetryAverageValue(Native Method)
	at edu.wpi.first.cscore.CameraServerJNI.getTelemetryAverageValue(CameraServerJNI.java:364)
	at edu.wpi.first.cscore.VideoSource.getActualFPS(VideoSource.java:321)
	at edu.wpi.first.shuffleboard.plugin.cameraserver.source.CameraServerSource.lambda$new$5(CameraServerSource.java:145)

Mar 25, 2022 2:50:01 PM edu.wpi.first.shuffleboard.plugin.cameraserver.source.CameraServerSource lambda$new$5
WARNING: Could not get bandwidth
VideoException [edu.wpi.first.cscore.VideoException: empty value]
	at edu.wpi.first.cscore.CameraServerJNI.getTelemetryAverageValue(Native Method)
	at edu.wpi.first.cscore.CameraServerJNI.getTelemetryAverageValue(CameraServerJNI.java:364)
	at edu.wpi.first.cscore.VideoSource.getActualDataRate(VideoSource.java:334)
	at edu.wpi.first.shuffleboard.plugin.cameraserver.source.CameraServerSource.lambda$new$5(CameraServerSource.java:139)

Mar 25, 2022 2:50:01 PM edu.wpi.first.shuffleboard.plugin.cameraserver.source.CameraServerSource lambda$new$5
WARNING: Could not get framerate
VideoException [edu.wpi.first.cscore.VideoException: empty value]
	at edu.wpi.first.cscore.CameraServerJNI.getTelemetryAverageValue(Native Method)
	at edu.wpi.first.cscore.CameraServerJNI.getTelemetryAverageValue(CameraServerJNI.java:364)
	at edu.wpi.first.cscore.VideoSource.getActualFPS(VideoSource.java:321)
	at edu.wpi.first.shuffleboard.plugin.cameraserver.source.CameraServerSource.lambda$new$5(CameraServerSource.java:145)

Mar 25, 2022 3:07:05 PM edu.wpi.first.shuffleboard.plugin.cameraserver.source.CameraServerSource lambda$new$5
WARNING: Could not get bandwidth
VideoException [edu.wpi.first.cscore.VideoException: empty value]
	at edu.wpi.first.cscore.CameraServerJNI.getTelemetryAverageValue(Native Method)
	at edu.wpi.first.cscore.CameraServerJNI.getTelemetryAverageValue(CameraServerJNI.java:364)
	at edu.wpi.first.cscore.VideoSource.getActualDataRate(VideoSource.java:334)
	at edu.wpi.first.shuffleboard.plugin.cameraserver.source.CameraServerSource.lambda$new$5(CameraServerSource.java:139)

Mar 25, 2022 3:07:05 PM edu.wpi.first.shuffleboard.plugin.cameraserver.source.CameraServerSource lambda$new$5
WARNING: Could not get framerate
VideoException [edu.wpi.first.cscore.VideoException: empty value]
	at edu.wpi.first.cscore.CameraServerJNI.getTelemetryAverageValue(Native Method)
	at edu.wpi.first.cscore.CameraServerJNI.getTelemetryAverageValue(CameraServerJNI.java:364)
	at edu.wpi.first.cscore.VideoSource.getActualFPS(VideoSource.java:321)
	at edu.wpi.first.shuffleboard.plugin.cameraserver.source.CameraServerSource.lambda$new$5(CameraServerSource.java:145)

Mar 25, 2022 3:07:06 PM edu.wpi.first.shuffleboard.plugin.cameraserver.source.CameraServerSource lambda$new$5
WARNING: Could not get bandwidth
VideoException [edu.wpi.first.cscore.VideoException: empty value]
	at edu.wpi.first.cscore.CameraServerJNI.getTelemetryAverageValue(Native Method)
	at edu.wpi.first.cscore.CameraServerJNI.getTelemetryAverageValue(CameraServerJNI.java:364)
	at edu.wpi.first.cscore.VideoSource.getActualDataRate(VideoSource.java:334)
	at edu.wpi.first.shuffleboard.plugin.cameraserver.source.CameraServerSource.lambda$new$5(CameraServerSource.java:139)

Mar 25, 2022 3:07:06 PM edu.wpi.first.shuffleboard.plugin.cameraserver.source.CameraServerSource lambda$new$5
WARNING: Could not get framerate
VideoException [edu.wpi.first.cscore.VideoException: empty value]
	at edu.wpi.first.cscore.CameraServerJNI.getTelemetryAverageValue(Native Method)
	at edu.wpi.first.cscore.CameraServerJNI.getTelemetryAverageValue(CameraServerJNI.java:364)
	at edu.wpi.first.cscore.VideoSource.getActualFPS(VideoSource.java:321)
	at edu.wpi.first.shuffleboard.plugin.cameraserver.source.CameraServerSource.lambda$new$5(CameraServerSource.java:145)

Mar 25, 2022 3:07:07 PM edu.wpi.first.shuffleboard.plugin.cameraserver.source.CameraServerSource lambda$new$5
WARNING: Could not get bandwidth
VideoException [edu.wpi.first.cscore.VideoException: empty value]
	at edu.wpi.first.cscore.CameraServerJNI.getTelemetryAverageValue(Native Method)
	at edu.wpi.first.cscore.CameraServerJNI.getTelemetryAverageValue(CameraServerJNI.java:364)
	at edu.wpi.first.cscore.VideoSource.getActualDataRate(VideoSource.java:334)
	at edu.wpi.first.shuffleboard.plugin.cameraserver.source.CameraServerSource.lambda$new$5(CameraServerSource.java:139)

Mar 25, 2022 3:07:07 PM edu.wpi.first.shuffleboard.plugin.cameraserver.source.CameraServerSource lambda$new$5
WARNING: Could not get framerate
VideoException [edu.wpi.first.cscore.VideoException: empty value]
	at edu.wpi.first.cscore.CameraServerJNI.getTelemetryAverageValue(Native Method)
	at edu.wpi.first.cscore.CameraServerJNI.getTelemetryAverageValue(CameraServerJNI.java:364)
	at edu.wpi.first.cscore.VideoSource.getActualFPS(VideoSource.java:321)
	at edu.wpi.first.shuffleboard.plugin.cameraserver.source.CameraServerSource.lambda$new$5(CameraServerSource.java:145)

Mar 25, 2022 3:07:08 PM edu.wpi.first.shuffleboard.plugin.cameraserver.source.CameraServerSource lambda$new$5
WARNING: Could not get bandwidth
VideoException [edu.wpi.first.cscore.VideoException: empty value]
	at edu.wpi.first.cscore.CameraServerJNI.getTelemetryAverageValue(Native Method)
	at edu.wpi.first.cscore.CameraServerJNI.getTelemetryAverageValue(CameraServerJNI.java:364)
	at edu.wpi.first.cscore.VideoSource.getActualDataRate(VideoSource.java:334)
	at edu.wpi.first.shuffleboard.plugin.cameraserver.source.CameraServerSource.lambda$new$5(CameraServerSource.java:139)

Mar 25, 2022 3:07:08 PM edu.wpi.first.shuffleboard.plugin.cameraserver.source.CameraServerSource lambda$new$5
WARNING: Could not get framerate
VideoException [edu.wpi.first.cscore.VideoException: empty value]
	at edu.wpi.first.cscore.CameraServerJNI.getTelemetryAverageValue(Native Method)
	at edu.wpi.first.cscore.CameraServerJNI.getTelemetryAverageValue(CameraServerJNI.java:364)
	at edu.wpi.first.cscore.VideoSource.getActualFPS(VideoSource.java:321)
	at edu.wpi.first.shuffleboard.plugin.cameraserver.source.CameraServerSource.lambda$new$5(CameraServerSource.java:145)

Mar 25, 2022 3:07:09 PM edu.wpi.first.shuffleboard.plugin.cameraserver.source.CameraServerSource lambda$new$5
WARNING: Could not get bandwidth
VideoException [edu.wpi.first.cscore.VideoException: empty value]
	at edu.wpi.first.cscore.CameraServerJNI.getTelemetryAverageValue(Native Method)
	at edu.wpi.first.cscore.CameraServerJNI.getTelemetryAverageValue(CameraServerJNI.java:364)
	at edu.wpi.first.cscore.VideoSource.getActualDataRate(VideoSource.java:334)
	at edu.wpi.first.shuffleboard.plugin.cameraserver.source.CameraServerSource.lambda$new$5(CameraServerSource.java:139)

Mar 25, 2022 3:07:09 PM edu.wpi.first.shuffleboard.plugin.cameraserver.source.CameraServerSource lambda$new$5
WARNING: Could not get framerate
VideoException [edu.wpi.first.cscore.VideoException: empty value]
	at edu.wpi.first.cscore.CameraServerJNI.getTelemetryAverageValue(Native Method)
	at edu.wpi.first.cscore.CameraServerJNI.getTelemetryAverageValue(CameraServerJNI.java:364)
	at edu.wpi.first.cscore.VideoSource.getActualFPS(VideoSource.java:321)
	at edu.wpi.first.shuffleboard.plugin.cameraserver.source.CameraServerSource.lambda$new$5(CameraServerSource.java:145)

Mar 25, 2022 3:07:10 PM edu.wpi.first.shuffleboard.plugin.cameraserver.source.CameraServerSource lambda$new$5
WARNING: Could not get bandwidth
VideoException [edu.wpi.first.cscore.VideoException: empty value]
	at edu.wpi.first.cscore.CameraServerJNI.getTelemetryAverageValue(Native Method)
	at edu.wpi.first.cscore.CameraServerJNI.getTelemetryAverageValue(CameraServerJNI.java:364)
	at edu.wpi.first.cscore.VideoSource.getActualDataRate(VideoSource.java:334)
	at edu.wpi.first.shuffleboard.plugin.cameraserver.source.CameraServerSource.lambda$new$5(CameraServerSource.java:139)

Mar 25, 2022 3:07:10 PM edu.wpi.first.shuffleboard.plugin.cameraserver.source.CameraServerSource lambda$new$5
WARNING: Could not get framerate
VideoException [edu.wpi.first.cscore.VideoException: empty value]
	at edu.wpi.first.cscore.CameraServerJNI.getTelemetryAverageValue(Native Method)
	at edu.wpi.first.cscore.CameraServerJNI.getTelemetryAverageValue(CameraServerJNI.java:364)
	at edu.wpi.first.cscore.VideoSource.getActualFPS(VideoSource.java:321)
	at edu.wpi.first.shuffleboard.plugin.cameraserver.source.CameraServerSource.lambda$new$5(CameraServerSource.java:145)

Mar 25, 2022 3:07:11 PM edu.wpi.first.shuffleboard.plugin.cameraserver.source.CameraServerSource lambda$new$5
WARNING: Could not get bandwidth
VideoException [edu.wpi.first.cscore.VideoException: empty value]
	at edu.wpi.first.cscore.CameraServerJNI.getTelemetryAverageValue(Native Method)
	at edu.wpi.first.cscore.CameraServerJNI.getTelemetryAverageValue(CameraServerJNI.java:364)
	at edu.wpi.first.cscore.VideoSource.getActualDataRate(VideoSource.java:334)
	at edu.wpi.first.shuffleboard.plugin.cameraserver.source.CameraServerSource.lambda$new$5(CameraServerSource.java:139)

Mar 25, 2022 3:07:11 PM edu.wpi.first.shuffleboard.plugin.cameraserver.source.CameraServerSource lambda$new$5
WARNING: Could not get framerate
VideoException [edu.wpi.first.cscore.VideoException: empty value]
	at edu.wpi.first.cscore.CameraServerJNI.getTelemetryAverageValue(Native Method)
	at edu.wpi.first.cscore.CameraServerJNI.getTelemetryAverageValue(CameraServerJNI.java:364)
	at edu.wpi.first.cscore.VideoSource.getActualFPS(VideoSource.java:321)
	at edu.wpi.first.shuffleboard.plugin.cameraserver.source.CameraServerSource.lambda$new$5(CameraServerSource.java:145)

Mar 25, 2022 3:07:12 PM edu.wpi.first.shuffleboard.plugin.cameraserver.source.CameraServerSource lambda$new$5
WARNING: Could not get bandwidth
VideoException [edu.wpi.first.cscore.VideoException: empty value]
	at edu.wpi.first.cscore.CameraServerJNI.getTelemetryAverageValue(Native Method)
	at edu.wpi.first.cscore.CameraServerJNI.getTelemetryAverageValue(CameraServerJNI.java:364)
	at edu.wpi.first.cscore.VideoSource.getActualDataRate(VideoSource.java:334)
	at edu.wpi.first.shuffleboard.plugin.cameraserver.source.CameraServerSource.lambda$new$5(CameraServerSource.java:139)

Mar 25, 2022 3:07:12 PM edu.wpi.first.shuffleboard.plugin.cameraserver.source.CameraServerSource lambda$new$5
WARNING: Could not get framerate
VideoException [edu.wpi.first.cscore.VideoException: empty value]
	at edu.wpi.first.cscore.CameraServerJNI.getTelemetryAverageValue(Native Method)
	at edu.wpi.first.cscore.CameraServerJNI.getTelemetryAverageValue(CameraServerJNI.java:364)
	at edu.wpi.first.cscore.VideoSource.getActualFPS(VideoSource.java:321)
	at edu.wpi.first.shuffleboard.plugin.cameraserver.source.CameraServerSource.lambda$new$5(CameraServerSource.java:145)

Mar 25, 2022 3:07:13 PM edu.wpi.first.shuffleboard.plugin.cameraserver.source.CameraServerSource lambda$new$5
WARNING: Could not get bandwidth
VideoException [edu.wpi.first.cscore.VideoException: empty value]
	at edu.wpi.first.cscore.CameraServerJNI.getTelemetryAverageValue(Native Method)
	at edu.wpi.first.cscore.CameraServerJNI.getTelemetryAverageValue(CameraServerJNI.java:364)
	at edu.wpi.first.cscore.VideoSource.getActualDataRate(VideoSource.java:334)
	at edu.wpi.first.shuffleboard.plugin.cameraserver.source.CameraServerSource.lambda$new$5(CameraServerSource.java:139)

Mar 25, 2022 3:07:13 PM edu.wpi.first.shuffleboard.plugin.cameraserver.source.CameraServerSource lambda$new$5
WARNING: Could not get framerate
VideoException [edu.wpi.first.cscore.VideoException: empty value]
	at edu.wpi.first.cscore.CameraServerJNI.getTelemetryAverageValue(Native Method)
	at edu.wpi.first.cscore.CameraServerJNI.getTelemetryAverageValue(CameraServerJNI.java:364)
	at edu.wpi.first.cscore.VideoSource.getActualFPS(VideoSource.java:321)
	at edu.wpi.first.shuffleboard.plugin.cameraserver.source.CameraServerSource.lambda$new$5(CameraServerSource.java:145)

Mar 25, 2022 3:07:14 PM edu.wpi.first.shuffleboard.plugin.cameraserver.source.CameraServerSource lambda$new$5
WARNING: Could not get bandwidth
VideoException [edu.wpi.first.cscore.VideoException: empty value]
	at edu.wpi.first.cscore.CameraServerJNI.getTelemetryAverageValue(Native Method)
	at edu.wpi.first.cscore.CameraServerJNI.getTelemetryAverageValue(CameraServerJNI.java:364)
	at edu.wpi.first.cscore.VideoSource.getActualDataRate(VideoSource.java:334)
	at edu.wpi.first.shuffleboard.plugin.cameraserver.source.CameraServerSource.lambda$new$5(CameraServerSource.java:139)

Mar 25, 2022 3:07:14 PM edu.wpi.first.shuffleboard.plugin.cameraserver.source.CameraServerSource lambda$new$5
WARNING: Could not get framerate
VideoException [edu.wpi.first.cscore.VideoException: empty value]
	at edu.wpi.first.cscore.CameraServerJNI.getTelemetryAverageValue(Native Method)
	at edu.wpi.first.cscore.CameraServerJNI.getTelemetryAverageValue(CameraServerJNI.java:364)
	at edu.wpi.first.cscore.VideoSource.getActualFPS(VideoSource.java:321)
	at edu.wpi.first.shuffleboard.plugin.cameraserver.source.CameraServerSource.lambda$new$5(CameraServerSource.java:145)

Mar 25, 2022 3:07:15 PM edu.wpi.first.shuffleboard.plugin.cameraserver.source.CameraServerSource lambda$new$5
WARNING: Could not get bandwidth
VideoException [edu.wpi.first.cscore.VideoException: empty value]
	at edu.wpi.first.cscore.CameraServerJNI.getTelemetryAverageValue(Native Method)
	at edu.wpi.first.cscore.CameraServerJNI.getTelemetryAverageValue(CameraServerJNI.java:364)
	at edu.wpi.first.cscore.VideoSource.getActualDataRate(VideoSource.java:334)
	at edu.wpi.first.shuffleboard.plugin.cameraserver.source.CameraServerSource.lambda$new$5(CameraServerSource.java:139)

Mar 25, 2022 3:07:15 PM edu.wpi.first.shuffleboard.plugin.cameraserver.source.CameraServerSource lambda$new$5
WARNING: Could not get framerate
VideoException [edu.wpi.first.cscore.VideoException: empty value]
	at edu.wpi.first.cscore.CameraServerJNI.getTelemetryAverageValue(Native Method)
	at edu.wpi.first.cscore.CameraServerJNI.getTelemetryAverageValue(CameraServerJNI.java:364)
	at edu.wpi.first.cscore.VideoSource.getActualFPS(VideoSource.java:321)
	at edu.wpi.first.shuffleboard.plugin.cameraserver.source.CameraServerSource.lambda$new$5(CameraServerSource.java:145)

Mar 25, 2022 3:22:22 PM edu.wpi.first.shuffleboard.plugin.cameraserver.source.CameraServerSource lambda$new$5
WARNING: Could not get bandwidth
VideoException [edu.wpi.first.cscore.VideoException: empty value]
	at edu.wpi.first.cscore.CameraServerJNI.getTelemetryAverageValue(Native Method)
	at edu.wpi.first.cscore.CameraServerJNI.getTelemetryAverageValue(CameraServerJNI.java:364)
	at edu.wpi.first.cscore.VideoSource.getActualDataRate(VideoSource.java:334)
	at edu.wpi.first.shuffleboard.plugin.cameraserver.source.CameraServerSource.lambda$new$5(CameraServerSource.java:139)

Mar 25, 2022 3:22:22 PM edu.wpi.first.shuffleboard.plugin.cameraserver.source.CameraServerSource lambda$new$5
WARNING: Could not get framerate
VideoException [edu.wpi.first.cscore.VideoException: empty value]
	at edu.wpi.first.cscore.CameraServerJNI.getTelemetryAverageValue(Native Method)
	at edu.wpi.first.cscore.CameraServerJNI.getTelemetryAverageValue(CameraServerJNI.java:364)
	at edu.wpi.first.cscore.VideoSource.getActualFPS(VideoSource.java:321)
	at edu.wpi.first.shuffleboard.plugin.cameraserver.source.CameraServerSource.lambda$new$5(CameraServerSource.java:145)

Mar 25, 2022 4:01:45 PM edu.wpi.first.shuffleboard.plugin.cameraserver.source.CameraServerSource lambda$new$5
WARNING: Could not get bandwidth
VideoException [edu.wpi.first.cscore.VideoException: empty value]
	at edu.wpi.first.cscore.CameraServerJNI.getTelemetryAverageValue(Native Method)
	at edu.wpi.first.cscore.CameraServerJNI.getTelemetryAverageValue(CameraServerJNI.java:364)
	at edu.wpi.first.cscore.VideoSource.getActualDataRate(VideoSource.java:334)
	at edu.wpi.first.shuffleboard.plugin.cameraserver.source.CameraServerSource.lambda$new$5(CameraServerSource.java:139)

Mar 25, 2022 4:01:45 PM edu.wpi.first.shuffleboard.plugin.cameraserver.source.CameraServerSource lambda$new$5
WARNING: Could not get framerate
VideoException [edu.wpi.first.cscore.VideoException: empty value]
	at edu.wpi.first.cscore.CameraServerJNI.getTelemetryAverageValue(Native Method)
	at edu.wpi.first.cscore.CameraServerJNI.getTelemetryAverageValue(CameraServerJNI.java:364)
	at edu.wpi.first.cscore.VideoSource.getActualFPS(VideoSource.java:321)
	at edu.wpi.first.shuffleboard.plugin.cameraserver.source.CameraServerSource.lambda$new$5(CameraServerSource.java:145)

Mar 25, 2022 4:03:25 PM edu.wpi.first.shuffleboard.plugin.cameraserver.source.CameraServerSource lambda$new$5
WARNING: Could not get bandwidth
VideoException [edu.wpi.first.cscore.VideoException: empty value]
	at edu.wpi.first.cscore.CameraServerJNI.getTelemetryAverageValue(Native Method)
	at edu.wpi.first.cscore.CameraServerJNI.getTelemetryAverageValue(CameraServerJNI.java:364)
	at edu.wpi.first.cscore.VideoSource.getActualDataRate(VideoSource.java:334)
	at edu.wpi.first.shuffleboard.plugin.cameraserver.source.CameraServerSource.lambda$new$5(CameraServerSource.java:139)

Mar 25, 2022 4:03:25 PM edu.wpi.first.shuffleboard.plugin.cameraserver.source.CameraServerSource lambda$new$5
WARNING: Could not get framerate
VideoException [edu.wpi.first.cscore.VideoException: empty value]
	at edu.wpi.first.cscore.CameraServerJNI.getTelemetryAverageValue(Native Method)
	at edu.wpi.first.cscore.CameraServerJNI.getTelemetryAverageValue(CameraServerJNI.java:364)
	at edu.wpi.first.cscore.VideoSource.getActualFPS(VideoSource.java:321)
	at edu.wpi.first.shuffleboard.plugin.cameraserver.source.CameraServerSource.lambda$new$5(CameraServerSource.java:145)

Mar 25, 2022 4:06:36 PM edu.wpi.first.shuffleboard.plugin.cameraserver.source.CameraServerSource lambda$new$5
WARNING: Could not get bandwidth
VideoException [edu.wpi.first.cscore.VideoException: empty value]
	at edu.wpi.first.cscore.CameraServerJNI.getTelemetryAverageValue(Native Method)
	at edu.wpi.first.cscore.CameraServerJNI.getTelemetryAverageValue(CameraServerJNI.java:364)
	at edu.wpi.first.cscore.VideoSource.getActualDataRate(VideoSource.java:334)
	at edu.wpi.first.shuffleboard.plugin.cameraserver.source.CameraServerSource.lambda$new$5(CameraServerSource.java:139)

Mar 25, 2022 4:06:36 PM edu.wpi.first.shuffleboard.plugin.cameraserver.source.CameraServerSource lambda$new$5
WARNING: Could not get framerate
VideoException [edu.wpi.first.cscore.VideoException: empty value]
	at edu.wpi.first.cscore.CameraServerJNI.getTelemetryAverageValue(Native Method)
	at edu.wpi.first.cscore.CameraServerJNI.getTelemetryAverageValue(CameraServerJNI.java:364)
	at edu.wpi.first.cscore.VideoSource.getActualFPS(VideoSource.java:321)
	at edu.wpi.first.shuffleboard.plugin.cameraserver.source.CameraServerSource.lambda$new$5(CameraServerSource.java:145)

Mar 25, 2022 4:39:17 PM edu.wpi.first.shuffleboard.plugin.cameraserver.source.CameraServerSource lambda$new$5
WARNING: Could not get bandwidth
VideoException [edu.wpi.first.cscore.VideoException: empty value]
	at edu.wpi.first.cscore.CameraServerJNI.getTelemetryAverageValue(Native Method)
	at edu.wpi.first.cscore.CameraServerJNI.getTelemetryAverageValue(CameraServerJNI.java:364)
	at edu.wpi.first.cscore.VideoSource.getActualDataRate(VideoSource.java:334)
	at edu.wpi.first.shuffleboard.plugin.cameraserver.source.CameraServerSource.lambda$new$5(CameraServerSource.java:139)

Mar 25, 2022 4:39:17 PM edu.wpi.first.shuffleboard.plugin.cameraserver.source.CameraServerSource lambda$new$5
WARNING: Could not get framerate
VideoException [edu.wpi.first.cscore.VideoException: empty value]
	at edu.wpi.first.cscore.CameraServerJNI.getTelemetryAverageValue(Native Method)
	at edu.wpi.first.cscore.CameraServerJNI.getTelemetryAverageValue(CameraServerJNI.java:364)
	at edu.wpi.first.cscore.VideoSource.getActualFPS(VideoSource.java:321)
	at edu.wpi.first.shuffleboard.plugin.cameraserver.source.CameraServerSource.lambda$new$5(CameraServerSource.java:145)

Mar 25, 2022 4:39:20 PM edu.wpi.first.shuffleboard.plugin.cameraserver.source.CameraServerSource lambda$new$5
WARNING: Could not get bandwidth
VideoException [edu.wpi.first.cscore.VideoException: empty value]
	at edu.wpi.first.cscore.CameraServerJNI.getTelemetryAverageValue(Native Method)
	at edu.wpi.first.cscore.CameraServerJNI.getTelemetryAverageValue(CameraServerJNI.java:364)
	at edu.wpi.first.cscore.VideoSource.getActualDataRate(VideoSource.java:334)
	at edu.wpi.first.shuffleboard.plugin.cameraserver.source.CameraServerSource.lambda$new$5(CameraServerSource.java:139)

Mar 25, 2022 4:39:20 PM edu.wpi.first.shuffleboard.plugin.cameraserver.source.CameraServerSource lambda$new$5
WARNING: Could not get framerate
VideoException [edu.wpi.first.cscore.VideoException: empty value]
	at edu.wpi.first.cscore.CameraServerJNI.getTelemetryAverageValue(Native Method)
	at edu.wpi.first.cscore.CameraServerJNI.getTelemetryAverageValue(CameraServerJNI.java:364)
	at edu.wpi.first.cscore.VideoSource.getActualFPS(VideoSource.java:321)
	at edu.wpi.first.shuffleboard.plugin.cameraserver.source.CameraServerSource.lambda$new$5(CameraServerSource.java:145)

Mar 25, 2022 4:39:21 PM edu.wpi.first.shuffleboard.plugin.cameraserver.source.CameraServerSource lambda$new$5
WARNING: Could not get bandwidth
VideoException [edu.wpi.first.cscore.VideoException: empty value]
	at edu.wpi.first.cscore.CameraServerJNI.getTelemetryAverageValue(Native Method)
	at edu.wpi.first.cscore.CameraServerJNI.getTelemetryAverageValue(CameraServerJNI.java:364)
	at edu.wpi.first.cscore.VideoSource.getActualDataRate(VideoSource.java:334)
	at edu.wpi.first.shuffleboard.plugin.cameraserver.source.CameraServerSource.lambda$new$5(CameraServerSource.java:139)

Mar 25, 2022 4:39:21 PM edu.wpi.first.shuffleboard.plugin.cameraserver.source.CameraServerSource lambda$new$5
WARNING: Could not get framerate
VideoException [edu.wpi.first.cscore.VideoException: empty value]
	at edu.wpi.first.cscore.CameraServerJNI.getTelemetryAverageValue(Native Method)
	at edu.wpi.first.cscore.CameraServerJNI.getTelemetryAverageValue(CameraServerJNI.java:364)
	at edu.wpi.first.cscore.VideoSource.getActualFPS(VideoSource.java:321)
	at edu.wpi.first.shuffleboard.plugin.cameraserver.source.CameraServerSource.lambda$new$5(CameraServerSource.java:145)

Mar 25, 2022 4:39:22 PM edu.wpi.first.shuffleboard.plugin.cameraserver.source.CameraServerSource lambda$new$5
WARNING: Could not get bandwidth
VideoException [edu.wpi.first.cscore.VideoException: empty value]
	at edu.wpi.first.cscore.CameraServerJNI.getTelemetryAverageValue(Native Method)
	at edu.wpi.first.cscore.CameraServerJNI.getTelemetryAverageValue(CameraServerJNI.java:364)
	at edu.wpi.first.cscore.VideoSource.getActualDataRate(VideoSource.java:334)
	at edu.wpi.first.shuffleboard.plugin.cameraserver.source.CameraServerSource.lambda$new$5(CameraServerSource.java:139)

Mar 25, 2022 4:39:22 PM edu.wpi.first.shuffleboard.plugin.cameraserver.source.CameraServerSource lambda$new$5
WARNING: Could not get framerate
VideoException [edu.wpi.first.cscore.VideoException: empty value]
	at edu.wpi.first.cscore.CameraServerJNI.getTelemetryAverageValue(Native Method)
	at edu.wpi.first.cscore.CameraServerJNI.getTelemetryAverageValue(CameraServerJNI.java:364)
	at edu.wpi.first.cscore.VideoSource.getActualFPS(VideoSource.java:321)
	at edu.wpi.first.shuffleboard.plugin.cameraserver.source.CameraServerSource.lambda$new$5(CameraServerSource.java:145)

Mar 25, 2022 4:39:23 PM edu.wpi.first.shuffleboard.plugin.cameraserver.source.CameraServerSource lambda$new$5
WARNING: Could not get bandwidth
VideoException [edu.wpi.first.cscore.VideoException: empty value]
	at edu.wpi.first.cscore.CameraServerJNI.getTelemetryAverageValue(Native Method)
	at edu.wpi.first.cscore.CameraServerJNI.getTelemetryAverageValue(CameraServerJNI.java:364)
	at edu.wpi.first.cscore.VideoSource.getActualDataRate(VideoSource.java:334)
	at edu.wpi.first.shuffleboard.plugin.cameraserver.source.CameraServerSource.lambda$new$5(CameraServerSource.java:139)

Mar 25, 2022 4:39:23 PM edu.wpi.first.shuffleboard.plugin.cameraserver.source.CameraServerSource lambda$new$5
WARNING: Could not get framerate
VideoException [edu.wpi.first.cscore.VideoException: empty value]
	at edu.wpi.first.cscore.CameraServerJNI.getTelemetryAverageValue(Native Method)
	at edu.wpi.first.cscore.CameraServerJNI.getTelemetryAverageValue(CameraServerJNI.java:364)
	at edu.wpi.first.cscore.VideoSource.getActualFPS(VideoSource.java:321)
	at edu.wpi.first.shuffleboard.plugin.cameraserver.source.CameraServerSource.lambda$new$5(CameraServerSource.java:145)

Mar 25, 2022 4:39:24 PM edu.wpi.first.shuffleboard.plugin.cameraserver.source.CameraServerSource lambda$new$5
WARNING: Could not get bandwidth
VideoException [edu.wpi.first.cscore.VideoException: empty value]
	at edu.wpi.first.cscore.CameraServerJNI.getTelemetryAverageValue(Native Method)
	at edu.wpi.first.cscore.CameraServerJNI.getTelemetryAverageValue(CameraServerJNI.java:364)
	at edu.wpi.first.cscore.VideoSource.getActualDataRate(VideoSource.java:334)
	at edu.wpi.first.shuffleboard.plugin.cameraserver.source.CameraServerSource.lambda$new$5(CameraServerSource.java:139)

Mar 25, 2022 4:39:24 PM edu.wpi.first.shuffleboard.plugin.cameraserver.source.CameraServerSource lambda$new$5
WARNING: Could not get framerate
VideoException [edu.wpi.first.cscore.VideoException: empty value]
	at edu.wpi.first.cscore.CameraServerJNI.getTelemetryAverageValue(Native Method)
	at edu.wpi.first.cscore.CameraServerJNI.getTelemetryAverageValue(CameraServerJNI.java:364)
	at edu.wpi.first.cscore.VideoSource.getActualFPS(VideoSource.java:321)
	at edu.wpi.first.shuffleboard.plugin.cameraserver.source.CameraServerSource.lambda$new$5(CameraServerSource.java:145)

Mar 25, 2022 4:39:25 PM edu.wpi.first.shuffleboard.plugin.cameraserver.source.CameraServerSource lambda$new$5
WARNING: Could not get bandwidth
VideoException [edu.wpi.first.cscore.VideoException: empty value]
	at edu.wpi.first.cscore.CameraServerJNI.getTelemetryAverageValue(Native Method)
	at edu.wpi.first.cscore.CameraServerJNI.getTelemetryAverageValue(CameraServerJNI.java:364)
	at edu.wpi.first.cscore.VideoSource.getActualDataRate(VideoSource.java:334)
	at edu.wpi.first.shuffleboard.plugin.cameraserver.source.CameraServerSource.lambda$new$5(CameraServerSource.java:139)

Mar 25, 2022 4:39:25 PM edu.wpi.first.shuffleboard.plugin.cameraserver.source.CameraServerSource lambda$new$5
WARNING: Could not get framerate
VideoException [edu.wpi.first.cscore.VideoException: empty value]
	at edu.wpi.first.cscore.CameraServerJNI.getTelemetryAverageValue(Native Method)
	at edu.wpi.first.cscore.CameraServerJNI.getTelemetryAverageValue(CameraServerJNI.java:364)
	at edu.wpi.first.cscore.VideoSource.getActualFPS(VideoSource.java:321)
	at edu.wpi.first.shuffleboard.plugin.cameraserver.source.CameraServerSource.lambda$new$5(CameraServerSource.java:145)

Mar 25, 2022 4:39:26 PM edu.wpi.first.shuffleboard.plugin.cameraserver.source.CameraServerSource lambda$new$5
WARNING: Could not get bandwidth
VideoException [edu.wpi.first.cscore.VideoException: empty value]
	at edu.wpi.first.cscore.CameraServerJNI.getTelemetryAverageValue(Native Method)
	at edu.wpi.first.cscore.CameraServerJNI.getTelemetryAverageValue(CameraServerJNI.java:364)
	at edu.wpi.first.cscore.VideoSource.getActualDataRate(VideoSource.java:334)
	at edu.wpi.first.shuffleboard.plugin.cameraserver.source.CameraServerSource.lambda$new$5(CameraServerSource.java:139)

Mar 25, 2022 4:39:26 PM edu.wpi.first.shuffleboard.plugin.cameraserver.source.CameraServerSource lambda$new$5
WARNING: Could not get framerate
VideoException [edu.wpi.first.cscore.VideoException: empty value]
	at edu.wpi.first.cscore.CameraServerJNI.getTelemetryAverageValue(Native Method)
	at edu.wpi.first.cscore.CameraServerJNI.getTelemetryAverageValue(CameraServerJNI.java:364)
	at edu.wpi.first.cscore.VideoSource.getActualFPS(VideoSource.java:321)
	at edu.wpi.first.shuffleboard.plugin.cameraserver.source.CameraServerSource.lambda$new$5(CameraServerSource.java:145)

Mar 25, 2022 4:39:27 PM edu.wpi.first.shuffleboard.plugin.cameraserver.source.CameraServerSource lambda$new$5
WARNING: Could not get bandwidth
VideoException [edu.wpi.first.cscore.VideoException: empty value]
	at edu.wpi.first.cscore.CameraServerJNI.getTelemetryAverageValue(Native Method)
	at edu.wpi.first.cscore.CameraServerJNI.getTelemetryAverageValue(CameraServerJNI.java:364)
	at edu.wpi.first.cscore.VideoSource.getActualDataRate(VideoSource.java:334)
	at edu.wpi.first.shuffleboard.plugin.cameraserver.source.CameraServerSource.lambda$new$5(CameraServerSource.java:139)

Mar 25, 2022 4:39:27 PM edu.wpi.first.shuffleboard.plugin.cameraserver.source.CameraServerSource lambda$new$5
WARNING: Could not get framerate
VideoException [edu.wpi.first.cscore.VideoException: empty value]
	at edu.wpi.first.cscore.CameraServerJNI.getTelemetryAverageValue(Native Method)
	at edu.wpi.first.cscore.CameraServerJNI.getTelemetryAverageValue(CameraServerJNI.java:364)
	at edu.wpi.first.cscore.VideoSource.getActualFPS(VideoSource.java:321)
	at edu.wpi.first.shuffleboard.plugin.cameraserver.source.CameraServerSource.lambda$new$5(CameraServerSource.java:145)

Mar 25, 2022 4:39:28 PM edu.wpi.first.shuffleboard.plugin.cameraserver.source.CameraServerSource lambda$new$5
WARNING: Could not get bandwidth
VideoException [edu.wpi.first.cscore.VideoException: empty value]
	at edu.wpi.first.cscore.CameraServerJNI.getTelemetryAverageValue(Native Method)
	at edu.wpi.first.cscore.CameraServerJNI.getTelemetryAverageValue(CameraServerJNI.java:364)
	at edu.wpi.first.cscore.VideoSource.getActualDataRate(VideoSource.java:334)
	at edu.wpi.first.shuffleboard.plugin.cameraserver.source.CameraServerSource.lambda$new$5(CameraServerSource.java:139)

Mar 25, 2022 4:39:28 PM edu.wpi.first.shuffleboard.plugin.cameraserver.source.CameraServerSource lambda$new$5
WARNING: Could not get framerate
VideoException [edu.wpi.first.cscore.VideoException: empty value]
	at edu.wpi.first.cscore.CameraServerJNI.getTelemetryAverageValue(Native Method)
	at edu.wpi.first.cscore.CameraServerJNI.getTelemetryAverageValue(CameraServerJNI.java:364)
	at edu.wpi.first.cscore.VideoSource.getActualFPS(VideoSource.java:321)
	at edu.wpi.first.shuffleboard.plugin.cameraserver.source.CameraServerSource.lambda$new$5(CameraServerSource.java:145)

Mar 25, 2022 4:39:29 PM edu.wpi.first.shuffleboard.plugin.cameraserver.source.CameraServerSource lambda$new$5
WARNING: Could not get bandwidth
VideoException [edu.wpi.first.cscore.VideoException: empty value]
	at edu.wpi.first.cscore.CameraServerJNI.getTelemetryAverageValue(Native Method)
	at edu.wpi.first.cscore.CameraServerJNI.getTelemetryAverageValue(CameraServerJNI.java:364)
	at edu.wpi.first.cscore.VideoSource.getActualDataRate(VideoSource.java:334)
	at edu.wpi.first.shuffleboard.plugin.cameraserver.source.CameraServerSource.lambda$new$5(CameraServerSource.java:139)

Mar 25, 2022 4:39:29 PM edu.wpi.first.shuffleboard.plugin.cameraserver.source.CameraServerSource lambda$new$5
WARNING: Could not get framerate
VideoException [edu.wpi.first.cscore.VideoException: empty value]
	at edu.wpi.first.cscore.CameraServerJNI.getTelemetryAverageValue(Native Method)
	at edu.wpi.first.cscore.CameraServerJNI.getTelemetryAverageValue(CameraServerJNI.java:364)
	at edu.wpi.first.cscore.VideoSource.getActualFPS(VideoSource.java:321)
	at edu.wpi.first.shuffleboard.plugin.cameraserver.source.CameraServerSource.lambda$new$5(CameraServerSource.java:145)

Mar 25, 2022 4:39:30 PM edu.wpi.first.shuffleboard.plugin.cameraserver.source.CameraServerSource lambda$new$5
WARNING: Could not get bandwidth
VideoException [edu.wpi.first.cscore.VideoException: empty value]
	at edu.wpi.first.cscore.CameraServerJNI.getTelemetryAverageValue(Native Method)
	at edu.wpi.first.cscore.CameraServerJNI.getTelemetryAverageValue(CameraServerJNI.java:364)
	at edu.wpi.first.cscore.VideoSource.getActualDataRate(VideoSource.java:334)
	at edu.wpi.first.shuffleboard.plugin.cameraserver.source.CameraServerSource.lambda$new$5(CameraServerSource.java:139)

Mar 25, 2022 4:39:30 PM edu.wpi.first.shuffleboard.plugin.cameraserver.source.CameraServerSource lambda$new$5
WARNING: Could not get framerate
VideoException [edu.wpi.first.cscore.VideoException: empty value]
	at edu.wpi.first.cscore.CameraServerJNI.getTelemetryAverageValue(Native Method)
	at edu.wpi.first.cscore.CameraServerJNI.getTelemetryAverageValue(CameraServerJNI.java:364)
	at edu.wpi.first.cscore.VideoSource.getActualFPS(VideoSource.java:321)
	at edu.wpi.first.shuffleboard.plugin.cameraserver.source.CameraServerSource.lambda$new$5(CameraServerSource.java:145)

Mar 25, 2022 4:51:09 PM edu.wpi.first.shuffleboard.plugin.cameraserver.source.CameraServerSource lambda$new$5
WARNING: Could not get bandwidth
VideoException [edu.wpi.first.cscore.VideoException: empty value]
	at edu.wpi.first.cscore.CameraServerJNI.getTelemetryAverageValue(Native Method)
	at edu.wpi.first.cscore.CameraServerJNI.getTelemetryAverageValue(CameraServerJNI.java:364)
	at edu.wpi.first.cscore.VideoSource.getActualDataRate(VideoSource.java:334)
	at edu.wpi.first.shuffleboard.plugin.cameraserver.source.CameraServerSource.lambda$new$5(CameraServerSource.java:139)

Mar 25, 2022 4:51:09 PM edu.wpi.first.shuffleboard.plugin.cameraserver.source.CameraServerSource lambda$new$5
WARNING: Could not get framerate
VideoException [edu.wpi.first.cscore.VideoException: empty value]
	at edu.wpi.first.cscore.CameraServerJNI.getTelemetryAverageValue(Native Method)
	at edu.wpi.first.cscore.CameraServerJNI.getTelemetryAverageValue(CameraServerJNI.java:364)
	at edu.wpi.first.cscore.VideoSource.getActualFPS(VideoSource.java:321)
	at edu.wpi.first.shuffleboard.plugin.cameraserver.source.CameraServerSource.lambda$new$5(CameraServerSource.java:145)

Mar 25, 2022 4:52:58 PM edu.wpi.first.shuffleboard.plugin.cameraserver.source.CameraServerSource lambda$new$5
WARNING: Could not get bandwidth
VideoException [edu.wpi.first.cscore.VideoException: empty value]
	at edu.wpi.first.cscore.CameraServerJNI.getTelemetryAverageValue(Native Method)
	at edu.wpi.first.cscore.CameraServerJNI.getTelemetryAverageValue(CameraServerJNI.java:364)
	at edu.wpi.first.cscore.VideoSource.getActualDataRate(VideoSource.java:334)
	at edu.wpi.first.shuffleboard.plugin.cameraserver.source.CameraServerSource.lambda$new$5(CameraServerSource.java:139)

Mar 25, 2022 4:52:58 PM edu.wpi.first.shuffleboard.plugin.cameraserver.source.CameraServerSource lambda$new$5
WARNING: Could not get framerate
VideoException [edu.wpi.first.cscore.VideoException: empty value]
	at edu.wpi.first.cscore.CameraServerJNI.getTelemetryAverageValue(Native Method)
	at edu.wpi.first.cscore.CameraServerJNI.getTelemetryAverageValue(CameraServerJNI.java:364)
	at edu.wpi.first.cscore.VideoSource.getActualFPS(VideoSource.java:321)
	at edu.wpi.first.shuffleboard.plugin.cameraserver.source.CameraServerSource.lambda$new$5(CameraServerSource.java:145)

Mar 25, 2022 5:05:07 PM edu.wpi.first.shuffleboard.plugin.cameraserver.source.CameraServerSource lambda$new$5
WARNING: Could not get bandwidth
VideoException [edu.wpi.first.cscore.VideoException: empty value]
	at edu.wpi.first.cscore.CameraServerJNI.getTelemetryAverageValue(Native Method)
	at edu.wpi.first.cscore.CameraServerJNI.getTelemetryAverageValue(CameraServerJNI.java:364)
	at edu.wpi.first.cscore.VideoSource.getActualDataRate(VideoSource.java:334)
	at edu.wpi.first.shuffleboard.plugin.cameraserver.source.CameraServerSource.lambda$new$5(CameraServerSource.java:139)

Mar 25, 2022 5:05:07 PM edu.wpi.first.shuffleboard.plugin.cameraserver.source.CameraServerSource lambda$new$5
WARNING: Could not get framerate
VideoException [edu.wpi.first.cscore.VideoException: empty value]
	at edu.wpi.first.cscore.CameraServerJNI.getTelemetryAverageValue(Native Method)
	at edu.wpi.first.cscore.CameraServerJNI.getTelemetryAverageValue(CameraServerJNI.java:364)
	at edu.wpi.first.cscore.VideoSource.getActualFPS(VideoSource.java:321)
	at edu.wpi.first.shuffleboard.plugin.cameraserver.source.CameraServerSource.lambda$new$5(CameraServerSource.java:145)

Mar 25, 2022 5:11:46 PM edu.wpi.first.shuffleboard.plugin.cameraserver.source.CameraServerSource lambda$new$5
WARNING: Could not get bandwidth
VideoException [edu.wpi.first.cscore.VideoException: empty value]
	at edu.wpi.first.cscore.CameraServerJNI.getTelemetryAverageValue(Native Method)
	at edu.wpi.first.cscore.CameraServerJNI.getTelemetryAverageValue(CameraServerJNI.java:364)
	at edu.wpi.first.cscore.VideoSource.getActualDataRate(VideoSource.java:334)
	at edu.wpi.first.shuffleboard.plugin.cameraserver.source.CameraServerSource.lambda$new$5(CameraServerSource.java:139)

Mar 25, 2022 5:11:46 PM edu.wpi.first.shuffleboard.plugin.cameraserver.source.CameraServerSource lambda$new$5
WARNING: Could not get framerate
VideoException [edu.wpi.first.cscore.VideoException: empty value]
	at edu.wpi.first.cscore.CameraServerJNI.getTelemetryAverageValue(Native Method)
	at edu.wpi.first.cscore.CameraServerJNI.getTelemetryAverageValue(CameraServerJNI.java:364)
	at edu.wpi.first.cscore.VideoSource.getActualFPS(VideoSource.java:321)
	at edu.wpi.first.shuffleboard.plugin.cameraserver.source.CameraServerSource.lambda$new$5(CameraServerSource.java:145)

Mar 25, 2022 5:12:50 PM edu.wpi.first.shuffleboard.plugin.cameraserver.source.CameraServerSource lambda$new$5
WARNING: Could not get bandwidth
VideoException [edu.wpi.first.cscore.VideoException: empty value]
	at edu.wpi.first.cscore.CameraServerJNI.getTelemetryAverageValue(Native Method)
	at edu.wpi.first.cscore.CameraServerJNI.getTelemetryAverageValue(CameraServerJNI.java:364)
	at edu.wpi.first.cscore.VideoSource.getActualDataRate(VideoSource.java:334)
	at edu.wpi.first.shuffleboard.plugin.cameraserver.source.CameraServerSource.lambda$new$5(CameraServerSource.java:139)

Mar 25, 2022 5:12:50 PM edu.wpi.first.shuffleboard.plugin.cameraserver.source.CameraServerSource lambda$new$5
WARNING: Could not get framerate
VideoException [edu.wpi.first.cscore.VideoException: empty value]
	at edu.wpi.first.cscore.CameraServerJNI.getTelemetryAverageValue(Native Method)
	at edu.wpi.first.cscore.CameraServerJNI.getTelemetryAverageValue(CameraServerJNI.java:364)
	at edu.wpi.first.cscore.VideoSource.getActualFPS(VideoSource.java:321)
	at edu.wpi.first.shuffleboard.plugin.cameraserver.source.CameraServerSource.lambda$new$5(CameraServerSource.java:145)

Mar 25, 2022 5:47:18 PM edu.wpi.first.shuffleboard.plugin.cameraserver.source.CameraServerSource lambda$new$5
WARNING: Could not get bandwidth
VideoException [edu.wpi.first.cscore.VideoException: empty value]
	at edu.wpi.first.cscore.CameraServerJNI.getTelemetryAverageValue(Native Method)
	at edu.wpi.first.cscore.CameraServerJNI.getTelemetryAverageValue(CameraServerJNI.java:364)
	at edu.wpi.first.cscore.VideoSource.getActualDataRate(VideoSource.java:334)
	at edu.wpi.first.shuffleboard.plugin.cameraserver.source.CameraServerSource.lambda$new$5(CameraServerSource.java:139)

Mar 25, 2022 5:47:18 PM edu.wpi.first.shuffleboard.plugin.cameraserver.source.CameraServerSource lambda$new$5
WARNING: Could not get framerate
VideoException [edu.wpi.first.cscore.VideoException: empty value]
	at edu.wpi.first.cscore.CameraServerJNI.getTelemetryAverageValue(Native Method)
	at edu.wpi.first.cscore.CameraServerJNI.getTelemetryAverageValue(CameraServerJNI.java:364)
	at edu.wpi.first.cscore.VideoSource.getActualFPS(VideoSource.java:321)
	at edu.wpi.first.shuffleboard.plugin.cameraserver.source.CameraServerSource.lambda$new$5(CameraServerSource.java:145)

Mar 25, 2022 6:06:31 PM edu.wpi.first.shuffleboard.plugin.cameraserver.source.CameraServerSource lambda$new$5
WARNING: Could not get bandwidth
VideoException [edu.wpi.first.cscore.VideoException: empty value]
	at edu.wpi.first.cscore.CameraServerJNI.getTelemetryAverageValue(Native Method)
	at edu.wpi.first.cscore.CameraServerJNI.getTelemetryAverageValue(CameraServerJNI.java:364)
	at edu.wpi.first.cscore.VideoSource.getActualDataRate(VideoSource.java:334)
	at edu.wpi.first.shuffleboard.plugin.cameraserver.source.CameraServerSource.lambda$new$5(CameraServerSource.java:139)

Mar 25, 2022 6:06:31 PM edu.wpi.first.shuffleboard.plugin.cameraserver.source.CameraServerSource lambda$new$5
WARNING: Could not get framerate
VideoException [edu.wpi.first.cscore.VideoException: empty value]
	at edu.wpi.first.cscore.CameraServerJNI.getTelemetryAverageValue(Native Method)
	at edu.wpi.first.cscore.CameraServerJNI.getTelemetryAverageValue(CameraServerJNI.java:364)
	at edu.wpi.first.cscore.VideoSource.getActualFPS(VideoSource.java:321)
	at edu.wpi.first.shuffleboard.plugin.cameraserver.source.CameraServerSource.lambda$new$5(CameraServerSource.java:145)

Mar 26, 2022 8:25:12 AM edu.wpi.first.shuffleboard.plugin.cameraserver.source.CameraServerSource lambda$new$5
WARNING: Could not get bandwidth
VideoException [edu.wpi.first.cscore.VideoException: empty value]
	at edu.wpi.first.cscore.CameraServerJNI.getTelemetryAverageValue(Native Method)
	at edu.wpi.first.cscore.CameraServerJNI.getTelemetryAverageValue(CameraServerJNI.java:364)
	at edu.wpi.first.cscore.VideoSource.getActualDataRate(VideoSource.java:334)
	at edu.wpi.first.shuffleboard.plugin.cameraserver.source.CameraServerSource.lambda$new$5(CameraServerSource.java:139)

Mar 26, 2022 8:25:12 AM edu.wpi.first.shuffleboard.plugin.cameraserver.source.CameraServerSource lambda$new$5
WARNING: Could not get framerate
VideoException [edu.wpi.first.cscore.VideoException: empty value]
	at edu.wpi.first.cscore.CameraServerJNI.getTelemetryAverageValue(Native Method)
	at edu.wpi.first.cscore.CameraServerJNI.getTelemetryAverageValue(CameraServerJNI.java:364)
	at edu.wpi.first.cscore.VideoSource.getActualFPS(VideoSource.java:321)
	at edu.wpi.first.shuffleboard.plugin.cameraserver.source.CameraServerSource.lambda$new$5(CameraServerSource.java:145)

Mar 26, 2022 8:26:27 AM edu.wpi.first.shuffleboard.plugin.cameraserver.source.CameraServerSource lambda$new$5
WARNING: Could not get bandwidth
VideoException [edu.wpi.first.cscore.VideoException: empty value]
	at edu.wpi.first.cscore.CameraServerJNI.getTelemetryAverageValue(Native Method)
	at edu.wpi.first.cscore.CameraServerJNI.getTelemetryAverageValue(CameraServerJNI.java:364)
	at edu.wpi.first.cscore.VideoSource.getActualDataRate(VideoSource.java:334)
	at edu.wpi.first.shuffleboard.plugin.cameraserver.source.CameraServerSource.lambda$new$5(CameraServerSource.java:139)

Mar 26, 2022 8:26:27 AM edu.wpi.first.shuffleboard.plugin.cameraserver.source.CameraServerSource lambda$new$5
WARNING: Could not get framerate
VideoException [edu.wpi.first.cscore.VideoException: empty value]
	at edu.wpi.first.cscore.CameraServerJNI.getTelemetryAverageValue(Native Method)
	at edu.wpi.first.cscore.CameraServerJNI.getTelemetryAverageValue(CameraServerJNI.java:364)
	at edu.wpi.first.cscore.VideoSource.getActualFPS(VideoSource.java:321)
	at edu.wpi.first.shuffleboard.plugin.cameraserver.source.CameraServerSource.lambda$new$5(CameraServerSource.java:145)

Mar 26, 2022 8:30:26 AM edu.wpi.first.shuffleboard.plugin.cameraserver.source.CameraServerSource lambda$new$5
WARNING: Could not get bandwidth
VideoException [edu.wpi.first.cscore.VideoException: empty value]
	at edu.wpi.first.cscore.CameraServerJNI.getTelemetryAverageValue(Native Method)
	at edu.wpi.first.cscore.CameraServerJNI.getTelemetryAverageValue(CameraServerJNI.java:364)
	at edu.wpi.first.cscore.VideoSource.getActualDataRate(VideoSource.java:334)
	at edu.wpi.first.shuffleboard.plugin.cameraserver.source.CameraServerSource.lambda$new$5(CameraServerSource.java:139)

Mar 26, 2022 8:30:26 AM edu.wpi.first.shuffleboard.plugin.cameraserver.source.CameraServerSource lambda$new$5
WARNING: Could not get framerate
VideoException [edu.wpi.first.cscore.VideoException: empty value]
	at edu.wpi.first.cscore.CameraServerJNI.getTelemetryAverageValue(Native Method)
	at edu.wpi.first.cscore.CameraServerJNI.getTelemetryAverageValue(CameraServerJNI.java:364)
	at edu.wpi.first.cscore.VideoSource.getActualFPS(VideoSource.java:321)
	at edu.wpi.first.shuffleboard.plugin.cameraserver.source.CameraServerSource.lambda$new$5(CameraServerSource.java:145)

Mar 26, 2022 12:51:41 PM edu.wpi.first.shuffleboard.plugin.cameraserver.source.CameraServerSource lambda$new$5
WARNING: Could not get bandwidth
VideoException [edu.wpi.first.cscore.VideoException: empty value]
	at edu.wpi.first.cscore.CameraServerJNI.getTelemetryAverageValue(Native Method)
	at edu.wpi.first.cscore.CameraServerJNI.getTelemetryAverageValue(CameraServerJNI.java:364)
	at edu.wpi.first.cscore.VideoSource.getActualDataRate(VideoSource.java:334)
	at edu.wpi.first.shuffleboard.plugin.cameraserver.source.CameraServerSource.lambda$new$5(CameraServerSource.java:139)

Mar 26, 2022 12:51:41 PM edu.wpi.first.shuffleboard.plugin.cameraserver.source.CameraServerSource lambda$new$5
WARNING: Could not get framerate
VideoException [edu.wpi.first.cscore.VideoException: empty value]
	at edu.wpi.first.cscore.CameraServerJNI.getTelemetryAverageValue(Native Method)
	at edu.wpi.first.cscore.CameraServerJNI.getTelemetryAverageValue(CameraServerJNI.java:364)
	at edu.wpi.first.cscore.VideoSource.getActualFPS(VideoSource.java:321)
	at edu.wpi.first.shuffleboard.plugin.cameraserver.source.CameraServerSource.lambda$new$5(CameraServerSource.java:145)

Mar 26, 2022 3:16:06 PM edu.wpi.first.shuffleboard.plugin.cameraserver.source.CameraServerSource lambda$new$5
WARNING: Could not get bandwidth
VideoException [edu.wpi.first.cscore.VideoException: empty value]
	at edu.wpi.first.cscore.CameraServerJNI.getTelemetryAverageValue(Native Method)
	at edu.wpi.first.cscore.CameraServerJNI.getTelemetryAverageValue(CameraServerJNI.java:364)
	at edu.wpi.first.cscore.VideoSource.getActualDataRate(VideoSource.java:334)
	at edu.wpi.first.shuffleboard.plugin.cameraserver.source.CameraServerSource.lambda$new$5(CameraServerSource.java:139)

Mar 26, 2022 3:16:06 PM edu.wpi.first.shuffleboard.plugin.cameraserver.source.CameraServerSource lambda$new$5
WARNING: Could not get framerate
VideoException [edu.wpi.first.cscore.VideoException: empty value]
	at edu.wpi.first.cscore.CameraServerJNI.getTelemetryAverageValue(Native Method)
	at edu.wpi.first.cscore.CameraServerJNI.getTelemetryAverageValue(CameraServerJNI.java:364)
	at edu.wpi.first.cscore.VideoSource.getActualFPS(VideoSource.java:321)
	at edu.wpi.first.shuffleboard.plugin.cameraserver.source.CameraServerSource.lambda$new$5(CameraServerSource.java:145)

