Mar 05, 2024 3:04:30 PM edu.wpi.first.shuffleboard.app.Shuffleboard init
INFO: Build time: 2024-01-21T07:34:22.956825Z
Mar 05, 2024 3:04:30 PM edu.wpi.first.shuffleboard.app.plugin.PluginLoader load
INFO: Loading plugin edu.wpi.first.shuffleboard:Base:1.3.6
Mar 05, 2024 3:04:30 PM edu.wpi.first.shuffleboard.app.plugin.PluginLoader load
INFO: Loaded plugin edu.wpi.first.shuffleboard:Base in 81ms
Mar 05, 2024 3:04:30 PM edu.wpi.first.shuffleboard.app.plugin.PluginLoader load
INFO: Loading plugin edu.wpi.first.shuffleboard:NetworkTables:2.3.2
Mar 05, 2024 3:04:30 PM edu.wpi.first.shuffleboard.app.plugin.PluginLoader load
INFO: Loaded plugin edu.wpi.first.shuffleboard:NetworkTables in 23ms
Mar 05, 2024 3:04:30 PM edu.wpi.first.shuffleboard.app.plugin.PluginLoader load
INFO: Loading plugin edu.wpi.first.shuffleboard:CameraServer:3.1.1
Mar 05, 2024 3:04:33 PM edu.wpi.first.shuffleboard.app.plugin.PluginLoader load
INFO: Loaded plugin edu.wpi.first.shuffleboard:CameraServer in 3139ms
Mar 05, 2024 3:04:34 PM edu.wpi.first.shuffleboard.app.MainWindowController initialize
INFO: Setting up plugins in the UI
Mar 05, 2024 3:04:34 PM edu.wpi.first.shuffleboard.app.Shuffleboard init
INFO: Took 342ms to load the main FXML
Mar 05, 2024 3:04:37 PM edu.wpi.first.shuffleboard.app.Shuffleboard start
WARNING: Took 7577ms to start Shuffleboard
Mar 05, 2024 3:04:37 PM edu.wpi.first.shuffleboard.app.json.WidgetSaver deserialize
WARNING: Saved source type is not present, adding destroyed source(s) instead
Mar 06, 2024 6:17:24 PM edu.wpi.first.shuffleboard.app.Shuffleboard stop
INFO: Running shutdown hooks
Mar 06, 2024 6:17:24 PM edu.wpi.first.shuffleboard.app.Shuffleboard stop
INFO: Shutting down
