Mar 01, 2024 7:00:34 PM edu.wpi.first.shuffleboard.app.Shuffleboard init
INFO: Build time: 2024-01-21T07:34:22.956825Z
Mar 01, 2024 7:00:34 PM edu.wpi.first.shuffleboard.app.plugin.PluginLoader load
INFO: Loading plugin edu.wpi.first.shuffleboard:Base:1.3.6
Mar 01, 2024 7:00:34 PM edu.wpi.first.shuffleboard.app.plugin.PluginLoader load
INFO: Loaded plugin edu.wpi.first.shuffleboard:Base in 72ms
Mar 01, 2024 7:00:34 PM edu.wpi.first.shuffleboard.app.plugin.PluginLoader load
INFO: Loading plugin edu.wpi.first.shuffleboard:NetworkTables:2.3.2
Mar 01, 2024 7:00:34 PM edu.wpi.first.shuffleboard.app.plugin.PluginLoader load
INFO: Loaded plugin edu.wpi.first.shuffleboard:NetworkTables in 17ms
Mar 01, 2024 7:00:34 PM edu.wpi.first.shuffleboard.app.plugin.PluginLoader load
INFO: Loading plugin edu.wpi.first.shuffleboard:CameraServer:3.1.1
Mar 01, 2024 7:00:37 PM edu.wpi.first.shuffleboard.app.plugin.PluginLoader load
INFO: Loaded plugin edu.wpi.first.shuffleboard:CameraServer in 3204ms
Mar 01, 2024 7:00:38 PM edu.wpi.first.shuffleboard.app.MainWindowController initialize
INFO: Setting up plugins in the UI
Mar 01, 2024 7:00:38 PM edu.wpi.first.shuffleboard.app.Shuffleboard init
INFO: Took 351ms to load the main FXML
Mar 01, 2024 7:00:41 PM edu.wpi.first.shuffleboard.app.Shuffleboard start
WARNING: Took 7379ms to start Shuffleboard
Mar 01, 2024 7:00:41 PM edu.wpi.first.shuffleboard.app.json.WidgetSaver deserialize
WARNING: Saved source type is not present, adding destroyed source(s) instead
Mar 01, 2024 7:02:37 PM edu.wpi.first.shuffleboard.app.Shuffleboard stop
INFO: Running shutdown hooks
Mar 01, 2024 7:02:37 PM edu.wpi.first.shuffleboard.app.Shuffleboard stop
INFO: Shutting down
