Feb 29, 2024 5:24:53 PM edu.wpi.first.shuffleboard.app.Shuffleboard init
INFO: Build time: 2024-01-21T07:34:22.956825Z
Feb 29, 2024 5:24:53 PM edu.wpi.first.shuffleboard.app.plugin.PluginLoader load
INFO: Loading plugin edu.wpi.first.shuffleboard:Base:1.3.6
Feb 29, 2024 5:24:53 PM edu.wpi.first.shuffleboard.app.plugin.PluginLoader load
INFO: Loaded plugin edu.wpi.first.shuffleboard:Base in 84ms
Feb 29, 2024 5:24:54 PM edu.wpi.first.shuffleboard.app.plugin.PluginLoader load
INFO: Loading plugin edu.wpi.first.shuffleboard:NetworkTables:2.3.2
Feb 29, 2024 5:24:54 PM edu.wpi.first.shuffleboard.app.plugin.PluginLoader load
INFO: Loaded plugin edu.wpi.first.shuffleboard:NetworkTables in 21ms
Feb 29, 2024 5:24:54 PM edu.wpi.first.shuffleboard.app.plugin.PluginLoader load
INFO: Loading plugin edu.wpi.first.shuffleboard:CameraServer:3.1.1
Feb 29, 2024 5:24:57 PM edu.wpi.first.shuffleboard.app.plugin.PluginLoader load
INFO: Loaded plugin edu.wpi.first.shuffleboard:CameraServer in 3352ms
Feb 29, 2024 5:24:57 PM edu.wpi.first.shuffleboard.app.MainWindowController initialize
INFO: Setting up plugins in the UI
Feb 29, 2024 5:24:57 PM edu.wpi.first.shuffleboard.app.Shuffleboard init
INFO: Took 359ms to load the main FXML
Feb 29, 2024 5:25:00 PM edu.wpi.first.shuffleboard.app.Shuffleboard start
WARNING: Took 7238ms to start Shuffleboard
Feb 29, 2024 5:25:00 PM edu.wpi.first.shuffleboard.app.json.WidgetSaver deserialize
WARNING: Saved source type is not present, adding destroyed source(s) instead
